  Moc'ing mainwindow.h...
  Uic'ing mainwindow.ui...
  Moc'ing imageprocessing.h...
  Moc'ing childwindow.h...
  Moc'ing serialcommunication.h...
  Moc'ing SerialCommunicationTrade.h...
  Rcc'ing mainwindow.qrc...
RCC : warning : No resources in 'D:\Engineering and Technology\MS Thesis Work\Code PC\MedicalProject\MedicalProject\mainwindow.qrc'.
  
  Uic'ing childwindow.ui...
  frangi.cpp
  childwindow.cpp
d:\engineering and technology\ms thesis work\code pc\medicalproject\medicalproject\imageprocessing.h(12): fatal error C1083: Cannot open include file: 'AdditionalFiles\frangi.h': No such file or directory
  moc_childwindow.cpp
d:\engineering and technology\ms thesis work\code pc\medicalproject\medicalproject\imageprocessing.h(12): fatal error C1083: Cannot open include file: 'AdditionalFiles\frangi.h': No such file or directory
  moc_imageprocessing.cpp
d:\engineering and technology\ms thesis work\code pc\medicalproject\medicalproject\generatedfiles\debug\../../imageprocessing.h(12): fatal error C1083: Cannot open include file: 'AdditionalFiles\frangi.h': No such file or directory
  moc_mainwindow.cpp
d:\engineering and technology\ms thesis work\code pc\medicalproject\medicalproject\imageprocessing.h(12): fatal error C1083: Cannot open include file: 'AdditionalFiles\frangi.h': No such file or directory
  moc_serialcommunication.cpp
d:\engineering and technology\ms thesis work\code pc\medicalproject\medicalproject\imageprocessing.h(12): fatal error C1083: Cannot open include file: 'AdditionalFiles\frangi.h': No such file or directory
  moc_SerialCommunicationTrade.cpp
  SerialCommunicationTrade.cpp
  HapticRendering.cpp
d:\engineering and technology\ms thesis work\code pc\medicalproject\medicalproject\imageprocessing.h(12): fatal error C1083: Cannot open include file: 'AdditionalFiles\frangi.h': No such file or directory
  HapticRenderingTrade.cpp
  imageprocessing.cpp
d:\engineering and technology\ms thesis work\code pc\medicalproject\medicalproject\imageprocessing.h(12): fatal error C1083: Cannot open include file: 'AdditionalFiles\frangi.h': No such file or directory
  imageprocessingtrade.cpp
  main.cpp
d:\engineering and technology\ms thesis work\code pc\medicalproject\medicalproject\imageprocessing.h(12): fatal error C1083: Cannot open include file: 'AdditionalFiles\frangi.h': No such file or directory
  mainwindow.cpp
d:\engineering and technology\ms thesis work\code pc\medicalproject\medicalproject\imageprocessing.h(12): fatal error C1083: Cannot open include file: 'AdditionalFiles\frangi.h': No such file or directory
  serialcommunication.cpp
d:\engineering and technology\ms thesis work\code pc\medicalproject\medicalproject\imageprocessing.h(12): fatal error C1083: Cannot open include file: 'AdditionalFiles\frangi.h': No such file or directory
  Generating Code...
