c:\users\abdullah\desktop\medicalproject\medicalproject\debug\vc140.pdb
c:\users\abdullah\desktop\medicalproject\medicalproject\debug\serialcommunication.obj
c:\users\abdullah\desktop\medicalproject\medicalproject\debug\mainwindow.obj
c:\users\abdullah\desktop\medicalproject\medicalproject\debug\main.obj
c:\users\abdullah\desktop\medicalproject\medicalproject\debug\imageprocessingtrade.obj
c:\users\abdullah\desktop\medicalproject\medicalproject\debug\hapticrenderingtrade.obj
c:\users\abdullah\desktop\medicalproject\medicalproject\debug\hapticrendering.obj
c:\users\abdullah\desktop\medicalproject\medicalproject\debug\serialcommunicationtrade.obj
c:\users\abdullah\desktop\medicalproject\medicalproject\debug\moc_serialcommunicationtrade.obj
c:\users\abdullah\desktop\medicalproject\medicalproject\debug\moc_serialcommunication.obj
c:\users\abdullah\desktop\medicalproject\medicalproject\debug\moc_mainwindow.obj
c:\users\abdullah\desktop\medicalproject\medicalproject\debug\moc_imageprocessing.obj
c:\users\abdullah\desktop\medicalproject\medicalproject\debug\moc_childwindow.obj
c:\users\abdullah\desktop\medicalproject\medicalproject\debug\childwindow.obj
c:\users\abdullah\desktop\medicalproject\medicalproject\debug\frangi.obj
c:\users\abdullah\desktop\medicalproject\medicalproject\debug\qrc_mainwindow.obj
c:\users\abdullah\desktop\medicalproject\medicalproject\debug\imageprocessing.obj
c:\users\abdullah\desktop\medicalproject\medicalproject\generatedfiles\debug\moc_mainwindow.cpp
c:\users\abdullah\desktop\medicalproject\medicalproject\generatedfiles\debug\moc_childwindow.cpp
c:\users\abdullah\desktop\medicalproject\medicalproject\generatedfiles\debug\moc_serialcommunication.cpp
c:\users\abdullah\desktop\medicalproject\medicalproject\generatedfiles\debug\moc_serialcommunicationtrade.cpp
c:\users\abdullah\desktop\medicalproject\medicalproject\generatedfiles\qrc_mainwindow.cpp
c:\users\abdullah\desktop\medicalproject\medicalproject\generatedfiles\ui_childwindow.h
c:\users\abdullah\desktop\medicalproject\medicalproject\generatedfiles\debug\moc_imageprocessing.cpp
c:\users\abdullah\desktop\medicalproject\medicalproject\generatedfiles\ui_mainwindow.h
c:\users\abdullah\desktop\medicalproject\win32\debug\medicalproject.ilk
c:\users\abdullah\desktop\medicalproject\win32\debug\medicalproject.exe
c:\users\abdullah\desktop\medicalproject\win32\debug\medicalproject.pdb
c:\users\abdullah\desktop\medicalproject\medicalproject\debug\medicalproject.tlog\cl.command.1.tlog
c:\users\abdullah\desktop\medicalproject\medicalproject\debug\medicalproject.tlog\cl.read.1.tlog
c:\users\abdullah\desktop\medicalproject\medicalproject\debug\medicalproject.tlog\cl.write.1.tlog
c:\users\abdullah\desktop\medicalproject\medicalproject\debug\medicalproject.tlog\custombuild.command.1.tlog
c:\users\abdullah\desktop\medicalproject\medicalproject\debug\medicalproject.tlog\custombuild.read.1.tlog
c:\users\abdullah\desktop\medicalproject\medicalproject\debug\medicalproject.tlog\custombuild.write.1.tlog
c:\users\abdullah\desktop\medicalproject\medicalproject\debug\medicalproject.tlog\link.command.1.tlog
c:\users\abdullah\desktop\medicalproject\medicalproject\debug\medicalproject.tlog\link.read.1.tlog
c:\users\abdullah\desktop\medicalproject\medicalproject\debug\medicalproject.tlog\link.write.1.tlog
