c:\users\abdullah\desktop\medicalproject\medicalproject\release\mainwindow.obj
c:\users\abdullah\desktop\medicalproject\medicalproject\release\main.obj
c:\users\abdullah\desktop\medicalproject\medicalproject\release\imageprocessingtrade.obj
c:\users\abdullah\desktop\medicalproject\medicalproject\release\imageprocessing.obj
c:\users\abdullah\desktop\medicalproject\medicalproject\release\hapticrenderingtrade.obj
c:\users\abdullah\desktop\medicalproject\medicalproject\release\hapticrendering.obj
c:\users\abdullah\desktop\medicalproject\medicalproject\release\serialcommunicationtrade.obj
c:\users\abdullah\desktop\medicalproject\medicalproject\release\moc_serialcommunicationtrade.obj
c:\users\abdullah\desktop\medicalproject\medicalproject\release\moc_serialcommunication.obj
c:\users\abdullah\desktop\medicalproject\medicalproject\release\moc_mainwindow.obj
c:\users\abdullah\desktop\medicalproject\medicalproject\release\moc_imageprocessing.obj
c:\users\abdullah\desktop\medicalproject\medicalproject\release\moc_childwindow.obj
c:\users\abdullah\desktop\medicalproject\medicalproject\release\childwindow.obj
c:\users\abdullah\desktop\medicalproject\medicalproject\release\frangi.obj
c:\users\abdullah\desktop\medicalproject\medicalproject\release\qrc_mainwindow.obj
c:\users\abdullah\desktop\medicalproject\medicalproject\release\serialcommunication.obj
c:\users\abdullah\desktop\medicalproject\medicalproject\generatedfiles\release\moc_mainwindow.cpp
c:\users\abdullah\desktop\medicalproject\medicalproject\generatedfiles\release\moc_imageprocessing.cpp
c:\users\abdullah\desktop\medicalproject\medicalproject\generatedfiles\release\moc_childwindow.cpp
c:\users\abdullah\desktop\medicalproject\medicalproject\generatedfiles\release\moc_serialcommunication.cpp
c:\users\abdullah\desktop\medicalproject\medicalproject\generatedfiles\release\moc_serialcommunicationtrade.cpp
c:\users\abdullah\desktop\medicalproject\medicalproject\generatedfiles\qrc_mainwindow.cpp
c:\users\abdullah\desktop\medicalproject\medicalproject\generatedfiles\ui_childwindow.h
c:\users\abdullah\desktop\medicalproject\medicalproject\generatedfiles\ui_mainwindow.h
c:\users\abdullah\desktop\medicalproject\win32\release\medicalproject.exe
c:\users\abdullah\desktop\medicalproject\medicalproject\release\medicalproject.tlog\cl.command.1.tlog
c:\users\abdullah\desktop\medicalproject\medicalproject\release\medicalproject.tlog\cl.read.1.tlog
c:\users\abdullah\desktop\medicalproject\medicalproject\release\medicalproject.tlog\cl.write.1.tlog
c:\users\abdullah\desktop\medicalproject\medicalproject\release\medicalproject.tlog\custombuild.command.1.tlog
c:\users\abdullah\desktop\medicalproject\medicalproject\release\medicalproject.tlog\custombuild.read.1.tlog
c:\users\abdullah\desktop\medicalproject\medicalproject\release\medicalproject.tlog\custombuild.write.1.tlog
c:\users\abdullah\desktop\medicalproject\medicalproject\release\medicalproject.tlog\link.command.1.tlog
c:\users\abdullah\desktop\medicalproject\medicalproject\release\medicalproject.tlog\link.read.1.tlog
c:\users\abdullah\desktop\medicalproject\medicalproject\release\medicalproject.tlog\link.write.1.tlog
