c:\users\abdullah\desktop\medicalproject\medicalproject\x64\release\serialcommunication.obj
c:\users\abdullah\desktop\medicalproject\medicalproject\x64\release\mainwindow.obj
c:\users\abdullah\desktop\medicalproject\medicalproject\x64\release\main.obj
c:\users\abdullah\desktop\medicalproject\medicalproject\x64\release\moc_mainwindow.obj
c:\users\abdullah\desktop\medicalproject\medicalproject\x64\release\qrc_mainwindow.obj
c:\users\abdullah\desktop\medicalproject\medicalproject\x64\release\globalvariables.obj
c:\users\abdullah\desktop\medicalproject\medicalproject\x64\release\moc_serialcommunication.obj
c:\users\abdullah\desktop\medicalproject\medicalproject\x64\release\moc_globalvariables.obj
c:\users\abdullah\desktop\medicalproject\medicalproject\x64\release\frangi.obj
c:\users\abdullah\desktop\medicalproject\medicalproject\generatedfiles\qrc_mainwindow.cpp
c:\users\abdullah\desktop\medicalproject\medicalproject\generatedfiles\ui_mainwindow.h
c:\users\abdullah\desktop\medicalproject\medicalproject\generatedfiles\release\moc_mainwindow.cpp
c:\users\abdullah\desktop\medicalproject\medicalproject\generatedfiles\release\moc_imageprocessing.cpp
c:\users\abdullah\desktop\medicalproject\medicalproject\generatedfiles\release\moc_childwindow.cpp
c:\users\abdullah\desktop\medicalproject\medicalproject\generatedfiles\release\moc_serialcommunication.cpp
c:\users\abdullah\desktop\medicalproject\medicalproject\generatedfiles\release\moc_globalvariables.cpp
c:\users\abdullah\desktop\medicalproject\medicalproject\generatedfiles\ui_childwindow.h
c:\users\abdullah\desktop\medicalproject\x64\release\medicalproject.exe
c:\users\abdullah\desktop\medicalproject\medicalproject\x64\release\medicalproject.tlog\cl.command.1.tlog
c:\users\abdullah\desktop\medicalproject\medicalproject\x64\release\medicalproject.tlog\cl.read.1.tlog
c:\users\abdullah\desktop\medicalproject\medicalproject\x64\release\medicalproject.tlog\cl.write.1.tlog
c:\users\abdullah\desktop\medicalproject\medicalproject\x64\release\medicalproject.tlog\custombuild.command.1.tlog
c:\users\abdullah\desktop\medicalproject\medicalproject\x64\release\medicalproject.tlog\custombuild.read.1.tlog
c:\users\abdullah\desktop\medicalproject\medicalproject\x64\release\medicalproject.tlog\custombuild.write.1.tlog
c:\users\abdullah\desktop\medicalproject\medicalproject\x64\release\medicalproject.tlog\link.command.1.tlog
c:\users\abdullah\desktop\medicalproject\medicalproject\x64\release\medicalproject.tlog\link.read.1.tlog
c:\users\abdullah\desktop\medicalproject\medicalproject\x64\release\medicalproject.tlog\link.write.1.tlog
