C:\DATA\PROGRAMMING_WORK\VS2010\20150112_2DOF_PBIC_SF_PI_T5_DLGBASE_GL\KSH_DLGBASE_GL\RELEASE\CONTROLS.OBJ
C:\DATA\PROGRAMMING_WORK\VS2010\20150112_2DOF_PBIC_SF_PI_T5_DLGBASE_GL\KSH_DLGBASE_GL\RELEASE\DATA_SAVE.OBJ
C:\DATA\PROGRAMMING_WORK\VS2010\20150112_2DOF_PBIC_SF_PI_T5_DLGBASE_GL\KSH_DLGBASE_GL\RELEASE\DLG_SETTING.OBJ
C:\DATA\PROGRAMMING_WORK\VS2010\20150112_2DOF_PBIC_SF_PI_T5_DLGBASE_GL\KSH_DLGBASE_GL\RELEASE\GRAPHICS.OBJ
C:\DATA\PROGRAMMING_WORK\VS2010\20150112_2DOF_PBIC_SF_PI_T5_DLGBASE_GL\KSH_DLGBASE_GL\RELEASE\HTHREAD.OBJ
C:\DATA\PROGRAMMING_WORK\VS2010\20150112_2DOF_PBIC_SF_PI_T5_DLGBASE_GL\KSH_DLGBASE_GL\RELEASE\KINEMATICS_2DOF.OBJ
C:\DATA\PROGRAMMING_WORK\VS2010\20150112_2DOF_PBIC_SF_PI_T5_DLGBASE_GL\KSH_DLGBASE_GL\RELEASE\KSH_DLGBASE_GL.EXE.INTERMEDIATE.MANIFEST
C:\DATA\PROGRAMMING_WORK\VS2010\20150112_2DOF_PBIC_SF_PI_T5_DLGBASE_GL\KSH_DLGBASE_GL\RELEASE\KSH_DLGBASE_GL.RES
C:\DATA\PROGRAMMING_WORK\VS2010\20150112_2DOF_PBIC_SF_PI_T5_DLGBASE_GL\KSH_DLGBASE_GL\RELEASE\KSH_FUNC.OBJ
C:\DATA\PROGRAMMING_WORK\VS2010\20150112_2DOF_PBIC_SF_PI_T5_DLGBASE_GL\KSH_DLGBASE_GL\RELEASE\KSHFONTGL.OBJ
C:\DATA\PROGRAMMING_WORK\VS2010\20150112_2DOF_PBIC_SF_PI_T5_DLGBASE_GL\KSH_DLGBASE_GL\RELEASE\KSHFPS.OBJ
C:\DATA\PROGRAMMING_WORK\VS2010\20150112_2DOF_PBIC_SF_PI_T5_DLGBASE_GL\KSH_DLGBASE_GL\RELEASE\KSHIMAGE.OBJ
C:\DATA\PROGRAMMING_WORK\VS2010\20150112_2DOF_PBIC_SF_PI_T5_DLGBASE_GL\KSH_DLGBASE_GL\RELEASE\KSHMENUGL.OBJ
C:\DATA\PROGRAMMING_WORK\VS2010\20150112_2DOF_PBIC_SF_PI_T5_DLGBASE_GL\KSH_DLGBASE_GL\RELEASE\KSHOPENGL.OBJ
C:\DATA\PROGRAMMING_WORK\VS2010\20150112_2DOF_PBIC_SF_PI_T5_DLGBASE_GL\KSH_DLGBASE_GL\RELEASE\KSHTEXTURE.OBJ
C:\DATA\PROGRAMMING_WORK\VS2010\20150112_2DOF_PBIC_SF_PI_T5_DLGBASE_GL\KSH_DLGBASE_GL\RELEASE\KSHVECTOR.OBJ
C:\DATA\PROGRAMMING_WORK\VS2010\20150112_2DOF_PBIC_SF_PI_T5_DLGBASE_GL\KSH_DLGBASE_GL\RELEASE\VC100.PDB
C:\DATA\PROGRAMMING_WORK\VS2010\20150112_2DOF_PBIC_SF_PI_T5_DLGBASE_GL\KSH_DLGBASE_GL\RELEASE\WINMAIN.OBJ
C:\DATA\PROGRAMMING_WORK\VS2010\20150112_2DOF_PBIC_SF_PI_T5_DLGBASE_GL\RELEASE\KSH_DLGBASE_GL.EXE
C:\DATA\PROGRAMMING_WORK\VS2010\20150112_2DOF_PBIC_SF_PI_T5_DLGBASE_GL\RELEASE\KSH_DLGBASE_GL.PDB
C:\DATA\PROGRAMMING_WORK\VS2010\KSH_DLGBASE_GL_VER_1_00_20150120\KSH_DLGBASE_GL\RELEASE\CONTROLS.OBJ
C:\DATA\PROGRAMMING_WORK\VS2010\KSH_DLGBASE_GL_VER_1_00_20150120\KSH_DLGBASE_GL\RELEASE\DATA_SAVE.OBJ
C:\DATA\PROGRAMMING_WORK\VS2010\KSH_DLGBASE_GL_VER_1_00_20150120\KSH_DLGBASE_GL\RELEASE\GRAPHICS.OBJ
C:\DATA\PROGRAMMING_WORK\VS2010\KSH_DLGBASE_GL_VER_1_00_20150120\KSH_DLGBASE_GL\RELEASE\HTHREAD.OBJ
C:\DATA\PROGRAMMING_WORK\VS2010\KSH_DLGBASE_GL_VER_1_00_20150120\KSH_DLGBASE_GL\RELEASE\KSH_DLGBASE_GL.EXE.INTERMEDIATE.MANIFEST
C:\DATA\PROGRAMMING_WORK\VS2010\KSH_DLGBASE_GL_VER_1_00_20150120\KSH_DLGBASE_GL\RELEASE\KSH_DLGBASE_GL.RES
C:\DATA\PROGRAMMING_WORK\VS2010\KSH_DLGBASE_GL_VER_1_00_20150120\KSH_DLGBASE_GL\RELEASE\KSH_FUNC.OBJ
C:\DATA\PROGRAMMING_WORK\VS2010\KSH_DLGBASE_GL_VER_1_00_20150120\KSH_DLGBASE_GL\RELEASE\KSHFONTGL.OBJ
C:\DATA\PROGRAMMING_WORK\VS2010\KSH_DLGBASE_GL_VER_1_00_20150120\KSH_DLGBASE_GL\RELEASE\KSHFPS.OBJ
C:\DATA\PROGRAMMING_WORK\VS2010\KSH_DLGBASE_GL_VER_1_00_20150120\KSH_DLGBASE_GL\RELEASE\KSHIMAGE.OBJ
C:\DATA\PROGRAMMING_WORK\VS2010\KSH_DLGBASE_GL_VER_1_00_20150120\KSH_DLGBASE_GL\RELEASE\KSHMENUGL.OBJ
C:\DATA\PROGRAMMING_WORK\VS2010\KSH_DLGBASE_GL_VER_1_00_20150120\KSH_DLGBASE_GL\RELEASE\KSHOPENGL.OBJ
C:\DATA\PROGRAMMING_WORK\VS2010\KSH_DLGBASE_GL_VER_1_00_20150120\KSH_DLGBASE_GL\RELEASE\KSHTEXTURE.OBJ
C:\DATA\PROGRAMMING_WORK\VS2010\KSH_DLGBASE_GL_VER_1_00_20150120\KSH_DLGBASE_GL\RELEASE\KSHVECTOR.OBJ
C:\DATA\PROGRAMMING_WORK\VS2010\KSH_DLGBASE_GL_VER_1_00_20150120\KSH_DLGBASE_GL\RELEASE\VC100.PDB
C:\DATA\PROGRAMMING_WORK\VS2010\KSH_DLGBASE_GL_VER_1_00_20150120\KSH_DLGBASE_GL\RELEASE\WINMAIN.OBJ
C:\DATA\PROGRAMMING_WORK\VS2010\KSH_DLGBASE_GL_VER_1_00_20150120\RELEASE\KSH_DLGBASE_GL.EXE
C:\DATA\PROGRAMMING_WORK\VS2010\KSH_DLGBASE_GL_VER_1_00_20150120\RELEASE\KSH_DLGBASE_GL.PDB
C:\DATA\PROGRAMMING_WORK\VS2010\KSH_DLGBASE_GL_VER_1_01_20150313_COMM_THREAD\KSH_DLGBASE_GL\RELEASE\CONTROLS.OBJ
C:\DATA\PROGRAMMING_WORK\VS2010\KSH_DLGBASE_GL_VER_1_01_20150313_COMM_THREAD\KSH_DLGBASE_GL\RELEASE\DATA_SAVE.OBJ
C:\DATA\PROGRAMMING_WORK\VS2010\KSH_DLGBASE_GL_VER_1_01_20150313_COMM_THREAD\KSH_DLGBASE_GL\RELEASE\GRAPHICS.OBJ
C:\DATA\PROGRAMMING_WORK\VS2010\KSH_DLGBASE_GL_VER_1_01_20150313_COMM_THREAD\KSH_DLGBASE_GL\RELEASE\HTHREAD.OBJ
C:\DATA\PROGRAMMING_WORK\VS2010\KSH_DLGBASE_GL_VER_1_01_20150313_COMM_THREAD\KSH_DLGBASE_GL\RELEASE\KSH_DLGBASE_GL.EXE.INTERMEDIATE.MANIFEST
C:\DATA\PROGRAMMING_WORK\VS2010\KSH_DLGBASE_GL_VER_1_01_20150313_COMM_THREAD\KSH_DLGBASE_GL\RELEASE\KSH_DLGBASE_GL.RES
C:\DATA\PROGRAMMING_WORK\VS2010\KSH_DLGBASE_GL_VER_1_01_20150313_COMM_THREAD\KSH_DLGBASE_GL\RELEASE\KSH_FUNC.OBJ
C:\DATA\PROGRAMMING_WORK\VS2010\KSH_DLGBASE_GL_VER_1_01_20150313_COMM_THREAD\KSH_DLGBASE_GL\RELEASE\KSHFONTGL.OBJ
C:\DATA\PROGRAMMING_WORK\VS2010\KSH_DLGBASE_GL_VER_1_01_20150313_COMM_THREAD\KSH_DLGBASE_GL\RELEASE\KSHFPS.OBJ
C:\DATA\PROGRAMMING_WORK\VS2010\KSH_DLGBASE_GL_VER_1_01_20150313_COMM_THREAD\KSH_DLGBASE_GL\RELEASE\KSHIMAGE.OBJ
C:\DATA\PROGRAMMING_WORK\VS2010\KSH_DLGBASE_GL_VER_1_01_20150313_COMM_THREAD\KSH_DLGBASE_GL\RELEASE\KSHMENUGL.OBJ
C:\DATA\PROGRAMMING_WORK\VS2010\KSH_DLGBASE_GL_VER_1_01_20150313_COMM_THREAD\KSH_DLGBASE_GL\RELEASE\KSHOPENGL.OBJ
C:\DATA\PROGRAMMING_WORK\VS2010\KSH_DLGBASE_GL_VER_1_01_20150313_COMM_THREAD\KSH_DLGBASE_GL\RELEASE\KSHTEXTURE.OBJ
C:\DATA\PROGRAMMING_WORK\VS2010\KSH_DLGBASE_GL_VER_1_01_20150313_COMM_THREAD\KSH_DLGBASE_GL\RELEASE\KSHVECTOR.OBJ
C:\DATA\PROGRAMMING_WORK\VS2010\KSH_DLGBASE_GL_VER_1_01_20150313_COMM_THREAD\KSH_DLGBASE_GL\RELEASE\VC100.PDB
C:\DATA\PROGRAMMING_WORK\VS2010\KSH_DLGBASE_GL_VER_1_01_20150313_COMM_THREAD\KSH_DLGBASE_GL\RELEASE\WINMAIN.OBJ
C:\DATA\PROGRAMMING_WORK\VS2010\KSH_DLGBASE_GL_VER_1_01_20150313_COMM_THREAD\RELEASE\KSH_DLGBASE_GL.EXE
C:\DATA\PROGRAMMING_WORK\VS2010\KSH_DLGBASE_GL_VER_1_01_20150313_COMM_THREAD\RELEASE\KSH_DLGBASE_GL.PDB
C:\DATA\PROGRAMMING_WORK\VS2010\KSH_DLGBASE_GL_VER_1_01_20150622_COMM_THREAD\KSH_DLGBASE_GL\RELEASE\COMMTHREAD.OBJ
C:\DATA\PROGRAMMING_WORK\VS2010\KSH_DLGBASE_GL_VER_1_01_20150622_COMM_THREAD\KSH_DLGBASE_GL\RELEASE\CONTROLS.OBJ
C:\DATA\PROGRAMMING_WORK\VS2010\KSH_DLGBASE_GL_VER_1_01_20150622_COMM_THREAD\KSH_DLGBASE_GL\RELEASE\DATA_SAVE.OBJ
C:\DATA\PROGRAMMING_WORK\VS2010\KSH_DLGBASE_GL_VER_1_01_20150622_COMM_THREAD\KSH_DLGBASE_GL\RELEASE\GRAPHICS.OBJ
C:\DATA\PROGRAMMING_WORK\VS2010\KSH_DLGBASE_GL_VER_1_01_20150622_COMM_THREAD\KSH_DLGBASE_GL\RELEASE\HTHREAD.OBJ
C:\DATA\PROGRAMMING_WORK\VS2010\KSH_DLGBASE_GL_VER_1_01_20150622_COMM_THREAD\KSH_DLGBASE_GL\RELEASE\KSH_DLGBASE_GL.EXE.INTERMEDIATE.MANIFEST
C:\DATA\PROGRAMMING_WORK\VS2010\KSH_DLGBASE_GL_VER_1_01_20150622_COMM_THREAD\KSH_DLGBASE_GL\RELEASE\KSH_DLGBASE_GL.RES
C:\DATA\PROGRAMMING_WORK\VS2010\KSH_DLGBASE_GL_VER_1_01_20150622_COMM_THREAD\KSH_DLGBASE_GL\RELEASE\KSH_FUNC.OBJ
C:\DATA\PROGRAMMING_WORK\VS2010\KSH_DLGBASE_GL_VER_1_01_20150622_COMM_THREAD\KSH_DLGBASE_GL\RELEASE\KSHFONTGL.OBJ
C:\DATA\PROGRAMMING_WORK\VS2010\KSH_DLGBASE_GL_VER_1_01_20150622_COMM_THREAD\KSH_DLGBASE_GL\RELEASE\KSHFPS.OBJ
C:\DATA\PROGRAMMING_WORK\VS2010\KSH_DLGBASE_GL_VER_1_01_20150622_COMM_THREAD\KSH_DLGBASE_GL\RELEASE\KSHIMAGE.OBJ
C:\DATA\PROGRAMMING_WORK\VS2010\KSH_DLGBASE_GL_VER_1_01_20150622_COMM_THREAD\KSH_DLGBASE_GL\RELEASE\KSHMENUGL.OBJ
C:\DATA\PROGRAMMING_WORK\VS2010\KSH_DLGBASE_GL_VER_1_01_20150622_COMM_THREAD\KSH_DLGBASE_GL\RELEASE\KSHOPENGL.OBJ
C:\DATA\PROGRAMMING_WORK\VS2010\KSH_DLGBASE_GL_VER_1_01_20150622_COMM_THREAD\KSH_DLGBASE_GL\RELEASE\KSHTEXTURE.OBJ
C:\DATA\PROGRAMMING_WORK\VS2010\KSH_DLGBASE_GL_VER_1_01_20150622_COMM_THREAD\KSH_DLGBASE_GL\RELEASE\KSHVECTOR.OBJ
C:\DATA\PROGRAMMING_WORK\VS2010\KSH_DLGBASE_GL_VER_1_01_20150622_COMM_THREAD\KSH_DLGBASE_GL\RELEASE\SERIALPORT.OBJ
C:\DATA\PROGRAMMING_WORK\VS2010\KSH_DLGBASE_GL_VER_1_01_20150622_COMM_THREAD\KSH_DLGBASE_GL\RELEASE\STDAFX.OBJ
C:\DATA\PROGRAMMING_WORK\VS2010\KSH_DLGBASE_GL_VER_1_01_20150622_COMM_THREAD\KSH_DLGBASE_GL\RELEASE\VC100.PDB
C:\DATA\PROGRAMMING_WORK\VS2010\KSH_DLGBASE_GL_VER_1_01_20150622_COMM_THREAD\KSH_DLGBASE_GL\RELEASE\WINMAIN.OBJ
C:\DATA\PROGRAMMING_WORK\VS2010\KSH_DLGBASE_GL_VER_1_01_20150622_COMM_THREAD\RELEASE\KSH_DLGBASE_GL.EXE
C:\DATA\PROGRAMMING_WORK\VS2010\KSH_DLGBASE_GL_VER_1_01_20150622_COMM_THREAD\RELEASE\KSH_DLGBASE_GL.PDB
C:\DATA\PROGRAMMING_WORK\VS2010\KSH_DLGBASE_GL_VER_1_01_20150704_HAPTICDEVICE_PROJECT\KSH_DLGBASE_GL\RELEASE\COMMTHREAD.OBJ
C:\DATA\PROGRAMMING_WORK\VS2010\KSH_DLGBASE_GL_VER_1_01_20150704_HAPTICDEVICE_PROJECT\KSH_DLGBASE_GL\RELEASE\CONTROLS.OBJ
C:\DATA\PROGRAMMING_WORK\VS2010\KSH_DLGBASE_GL_VER_1_01_20150704_HAPTICDEVICE_PROJECT\KSH_DLGBASE_GL\RELEASE\DATA_SAVE.OBJ
C:\DATA\PROGRAMMING_WORK\VS2010\KSH_DLGBASE_GL_VER_1_01_20150704_HAPTICDEVICE_PROJECT\KSH_DLGBASE_GL\RELEASE\GRAPHICS.OBJ
C:\DATA\PROGRAMMING_WORK\VS2010\KSH_DLGBASE_GL_VER_1_01_20150704_HAPTICDEVICE_PROJECT\KSH_DLGBASE_GL\RELEASE\HTHREAD.OBJ
C:\DATA\PROGRAMMING_WORK\VS2010\KSH_DLGBASE_GL_VER_1_01_20150704_HAPTICDEVICE_PROJECT\KSH_DLGBASE_GL\RELEASE\KSH_DLGBASE_GL.EXE.INTERMEDIATE.MANIFEST
C:\DATA\PROGRAMMING_WORK\VS2010\KSH_DLGBASE_GL_VER_1_01_20150704_HAPTICDEVICE_PROJECT\KSH_DLGBASE_GL\RELEASE\KSH_DLGBASE_GL.RES
C:\DATA\PROGRAMMING_WORK\VS2010\KSH_DLGBASE_GL_VER_1_01_20150704_HAPTICDEVICE_PROJECT\KSH_DLGBASE_GL\RELEASE\KSH_FUNC.OBJ
C:\DATA\PROGRAMMING_WORK\VS2010\KSH_DLGBASE_GL_VER_1_01_20150704_HAPTICDEVICE_PROJECT\KSH_DLGBASE_GL\RELEASE\KSHFONTGL.OBJ
C:\DATA\PROGRAMMING_WORK\VS2010\KSH_DLGBASE_GL_VER_1_01_20150704_HAPTICDEVICE_PROJECT\KSH_DLGBASE_GL\RELEASE\KSHFPS.OBJ
C:\DATA\PROGRAMMING_WORK\VS2010\KSH_DLGBASE_GL_VER_1_01_20150704_HAPTICDEVICE_PROJECT\KSH_DLGBASE_GL\RELEASE\KSHIMAGE.OBJ
C:\DATA\PROGRAMMING_WORK\VS2010\KSH_DLGBASE_GL_VER_1_01_20150704_HAPTICDEVICE_PROJECT\KSH_DLGBASE_GL\RELEASE\KSHMENUGL.OBJ
C:\DATA\PROGRAMMING_WORK\VS2010\KSH_DLGBASE_GL_VER_1_01_20150704_HAPTICDEVICE_PROJECT\KSH_DLGBASE_GL\RELEASE\KSHOPENGL.OBJ
C:\DATA\PROGRAMMING_WORK\VS2010\KSH_DLGBASE_GL_VER_1_01_20150704_HAPTICDEVICE_PROJECT\KSH_DLGBASE_GL\RELEASE\KSHTEXTURE.OBJ
C:\DATA\PROGRAMMING_WORK\VS2010\KSH_DLGBASE_GL_VER_1_01_20150704_HAPTICDEVICE_PROJECT\KSH_DLGBASE_GL\RELEASE\KSHVECTOR.OBJ
C:\DATA\PROGRAMMING_WORK\VS2010\KSH_DLGBASE_GL_VER_1_01_20150704_HAPTICDEVICE_PROJECT\KSH_DLGBASE_GL\RELEASE\SERIALPORT.OBJ
C:\DATA\PROGRAMMING_WORK\VS2010\KSH_DLGBASE_GL_VER_1_01_20150704_HAPTICDEVICE_PROJECT\KSH_DLGBASE_GL\RELEASE\STDAFX.OBJ
C:\DATA\PROGRAMMING_WORK\VS2010\KSH_DLGBASE_GL_VER_1_01_20150704_HAPTICDEVICE_PROJECT\KSH_DLGBASE_GL\RELEASE\VC100.PDB
C:\DATA\PROGRAMMING_WORK\VS2010\KSH_DLGBASE_GL_VER_1_01_20150704_HAPTICDEVICE_PROJECT\KSH_DLGBASE_GL\RELEASE\WINMAIN.OBJ
C:\DATA\PROGRAMMING_WORK\VS2010\KSH_DLGBASE_GL_VER_1_01_20150704_HAPTICDEVICE_PROJECT\RELEASE\KSH_DLGBASE_GL.EXE
C:\DATA\PROGRAMMING_WORK\VS2010\KSH_DLGBASE_GL_VER_1_01_20150704_HAPTICDEVICE_PROJECT\RELEASE\KSH_DLGBASE_GL.PDB
C:\DATA\PROGRAMMING_WORK\VS2010\KSH_DLGBASE_GL_VER_1_01_20150716_HAPTICDEVICE_PROJECT\KSH_DLGBASE_GL\RELEASE\COMMTHREAD.OBJ
C:\DATA\PROGRAMMING_WORK\VS2010\KSH_DLGBASE_GL_VER_1_01_20150716_HAPTICDEVICE_PROJECT\KSH_DLGBASE_GL\RELEASE\CONTROLS.OBJ
C:\DATA\PROGRAMMING_WORK\VS2010\KSH_DLGBASE_GL_VER_1_01_20150716_HAPTICDEVICE_PROJECT\KSH_DLGBASE_GL\RELEASE\DATA_SAVE.OBJ
C:\DATA\PROGRAMMING_WORK\VS2010\KSH_DLGBASE_GL_VER_1_01_20150716_HAPTICDEVICE_PROJECT\KSH_DLGBASE_GL\RELEASE\GRAPHICS.OBJ
C:\DATA\PROGRAMMING_WORK\VS2010\KSH_DLGBASE_GL_VER_1_01_20150716_HAPTICDEVICE_PROJECT\KSH_DLGBASE_GL\RELEASE\HTHREAD.OBJ
C:\DATA\PROGRAMMING_WORK\VS2010\KSH_DLGBASE_GL_VER_1_01_20150716_HAPTICDEVICE_PROJECT\KSH_DLGBASE_GL\RELEASE\KSH_DLGBASE_GL.EXE.INTERMEDIATE.MANIFEST
C:\DATA\PROGRAMMING_WORK\VS2010\KSH_DLGBASE_GL_VER_1_01_20150716_HAPTICDEVICE_PROJECT\KSH_DLGBASE_GL\RELEASE\KSH_DLGBASE_GL.RES
C:\DATA\PROGRAMMING_WORK\VS2010\KSH_DLGBASE_GL_VER_1_01_20150716_HAPTICDEVICE_PROJECT\KSH_DLGBASE_GL\RELEASE\KSH_FUNC.OBJ
C:\DATA\PROGRAMMING_WORK\VS2010\KSH_DLGBASE_GL_VER_1_01_20150716_HAPTICDEVICE_PROJECT\KSH_DLGBASE_GL\RELEASE\KSHFONTGL.OBJ
C:\DATA\PROGRAMMING_WORK\VS2010\KSH_DLGBASE_GL_VER_1_01_20150716_HAPTICDEVICE_PROJECT\KSH_DLGBASE_GL\RELEASE\KSHFPS.OBJ
C:\DATA\PROGRAMMING_WORK\VS2010\KSH_DLGBASE_GL_VER_1_01_20150716_HAPTICDEVICE_PROJECT\KSH_DLGBASE_GL\RELEASE\KSHIMAGE.OBJ
C:\DATA\PROGRAMMING_WORK\VS2010\KSH_DLGBASE_GL_VER_1_01_20150716_HAPTICDEVICE_PROJECT\KSH_DLGBASE_GL\RELEASE\KSHMENUGL.OBJ
C:\DATA\PROGRAMMING_WORK\VS2010\KSH_DLGBASE_GL_VER_1_01_20150716_HAPTICDEVICE_PROJECT\KSH_DLGBASE_GL\RELEASE\KSHOPENGL.OBJ
C:\DATA\PROGRAMMING_WORK\VS2010\KSH_DLGBASE_GL_VER_1_01_20150716_HAPTICDEVICE_PROJECT\KSH_DLGBASE_GL\RELEASE\KSHTEXTURE.OBJ
C:\DATA\PROGRAMMING_WORK\VS2010\KSH_DLGBASE_GL_VER_1_01_20150716_HAPTICDEVICE_PROJECT\KSH_DLGBASE_GL\RELEASE\KSHVECTOR.OBJ
C:\DATA\PROGRAMMING_WORK\VS2010\KSH_DLGBASE_GL_VER_1_01_20150716_HAPTICDEVICE_PROJECT\KSH_DLGBASE_GL\RELEASE\SERIALPORT.OBJ
C:\DATA\PROGRAMMING_WORK\VS2010\KSH_DLGBASE_GL_VER_1_01_20150716_HAPTICDEVICE_PROJECT\KSH_DLGBASE_GL\RELEASE\STDAFX.OBJ
C:\DATA\PROGRAMMING_WORK\VS2010\KSH_DLGBASE_GL_VER_1_01_20150716_HAPTICDEVICE_PROJECT\KSH_DLGBASE_GL\RELEASE\VC100.PDB
C:\DATA\PROGRAMMING_WORK\VS2010\KSH_DLGBASE_GL_VER_1_01_20150716_HAPTICDEVICE_PROJECT\KSH_DLGBASE_GL\RELEASE\WINMAIN.OBJ
C:\DATA\PROGRAMMING_WORK\VS2010\KSH_DLGBASE_GL_VER_1_01_20150716_HAPTICDEVICE_PROJECT\RELEASE\KSH_DLGBASE_GL.EXE
C:\DATA\PROGRAMMING_WORK\VS2010\KSH_DLGBASE_GL_VER_1_01_20150716_HAPTICDEVICE_PROJECT\RELEASE\KSH_DLGBASE_GL.PDB
C:\DATA\PROGRAMMING_WORK\VS2010\KSH_DLGBASE_GL_VER_1_01_20150716_HAPTICDEVICE_PROJECT_WHY\KSH_DLGBASE_GL\RELEASE\COMMTHREAD.OBJ
C:\DATA\PROGRAMMING_WORK\VS2010\KSH_DLGBASE_GL_VER_1_01_20150716_HAPTICDEVICE_PROJECT_WHY\KSH_DLGBASE_GL\RELEASE\CONTROLS.OBJ
C:\DATA\PROGRAMMING_WORK\VS2010\KSH_DLGBASE_GL_VER_1_01_20150716_HAPTICDEVICE_PROJECT_WHY\KSH_DLGBASE_GL\RELEASE\DATA_SAVE.OBJ
C:\DATA\PROGRAMMING_WORK\VS2010\KSH_DLGBASE_GL_VER_1_01_20150716_HAPTICDEVICE_PROJECT_WHY\KSH_DLGBASE_GL\RELEASE\GRAPHICS.OBJ
C:\DATA\PROGRAMMING_WORK\VS2010\KSH_DLGBASE_GL_VER_1_01_20150716_HAPTICDEVICE_PROJECT_WHY\KSH_DLGBASE_GL\RELEASE\HTHREAD.OBJ
C:\DATA\PROGRAMMING_WORK\VS2010\KSH_DLGBASE_GL_VER_1_01_20150716_HAPTICDEVICE_PROJECT_WHY\KSH_DLGBASE_GL\RELEASE\KSH_DLGBASE_GL.EXE.INTERMEDIATE.MANIFEST
C:\DATA\PROGRAMMING_WORK\VS2010\KSH_DLGBASE_GL_VER_1_01_20150716_HAPTICDEVICE_PROJECT_WHY\KSH_DLGBASE_GL\RELEASE\KSH_DLGBASE_GL.RES
C:\DATA\PROGRAMMING_WORK\VS2010\KSH_DLGBASE_GL_VER_1_01_20150716_HAPTICDEVICE_PROJECT_WHY\KSH_DLGBASE_GL\RELEASE\KSH_FUNC.OBJ
C:\DATA\PROGRAMMING_WORK\VS2010\KSH_DLGBASE_GL_VER_1_01_20150716_HAPTICDEVICE_PROJECT_WHY\KSH_DLGBASE_GL\RELEASE\KSHFONTGL.OBJ
C:\DATA\PROGRAMMING_WORK\VS2010\KSH_DLGBASE_GL_VER_1_01_20150716_HAPTICDEVICE_PROJECT_WHY\KSH_DLGBASE_GL\RELEASE\KSHFPS.OBJ
C:\DATA\PROGRAMMING_WORK\VS2010\KSH_DLGBASE_GL_VER_1_01_20150716_HAPTICDEVICE_PROJECT_WHY\KSH_DLGBASE_GL\RELEASE\KSHIMAGE.OBJ
C:\DATA\PROGRAMMING_WORK\VS2010\KSH_DLGBASE_GL_VER_1_01_20150716_HAPTICDEVICE_PROJECT_WHY\KSH_DLGBASE_GL\RELEASE\KSHMENUGL.OBJ
C:\DATA\PROGRAMMING_WORK\VS2010\KSH_DLGBASE_GL_VER_1_01_20150716_HAPTICDEVICE_PROJECT_WHY\KSH_DLGBASE_GL\RELEASE\KSHOPENGL.OBJ
C:\DATA\PROGRAMMING_WORK\VS2010\KSH_DLGBASE_GL_VER_1_01_20150716_HAPTICDEVICE_PROJECT_WHY\KSH_DLGBASE_GL\RELEASE\KSHTEXTURE.OBJ
C:\DATA\PROGRAMMING_WORK\VS2010\KSH_DLGBASE_GL_VER_1_01_20150716_HAPTICDEVICE_PROJECT_WHY\KSH_DLGBASE_GL\RELEASE\KSHVECTOR.OBJ
C:\DATA\PROGRAMMING_WORK\VS2010\KSH_DLGBASE_GL_VER_1_01_20150716_HAPTICDEVICE_PROJECT_WHY\KSH_DLGBASE_GL\RELEASE\SERIALPORT.OBJ
C:\DATA\PROGRAMMING_WORK\VS2010\KSH_DLGBASE_GL_VER_1_01_20150716_HAPTICDEVICE_PROJECT_WHY\KSH_DLGBASE_GL\RELEASE\STDAFX.OBJ
C:\DATA\PROGRAMMING_WORK\VS2010\KSH_DLGBASE_GL_VER_1_01_20150716_HAPTICDEVICE_PROJECT_WHY\KSH_DLGBASE_GL\RELEASE\VC100.PDB
C:\DATA\PROGRAMMING_WORK\VS2010\KSH_DLGBASE_GL_VER_1_01_20150716_HAPTICDEVICE_PROJECT_WHY\KSH_DLGBASE_GL\RELEASE\WINMAIN.OBJ
C:\DATA\PROGRAMMING_WORK\VS2010\KSH_DLGBASE_GL_VER_1_01_20150716_HAPTICDEVICE_PROJECT_WHY\RELEASE\KSH_DLGBASE_GL.EXE
C:\DATA\PROGRAMMING_WORK\VS2010\KSH_DLGBASE_GL_VER_1_01_20150716_HAPTICDEVICE_PROJECT_WHY\RELEASE\KSH_DLGBASE_GL.PDB
C:\DATA\PROGRAMMING_WORK\VS2010\KSH_DLGBASE_GL_VER_1_01_20150717_HAPTICDEVICE_PROJECT\KSH_DLGBASE_GL\RELEASE\COMMTHREAD.OBJ
C:\DATA\PROGRAMMING_WORK\VS2010\KSH_DLGBASE_GL_VER_1_01_20150717_HAPTICDEVICE_PROJECT\KSH_DLGBASE_GL\RELEASE\CONTROLS.OBJ
C:\DATA\PROGRAMMING_WORK\VS2010\KSH_DLGBASE_GL_VER_1_01_20150717_HAPTICDEVICE_PROJECT\KSH_DLGBASE_GL\RELEASE\DATA_SAVE.OBJ
C:\DATA\PROGRAMMING_WORK\VS2010\KSH_DLGBASE_GL_VER_1_01_20150717_HAPTICDEVICE_PROJECT\KSH_DLGBASE_GL\RELEASE\GRAPHICS.OBJ
C:\DATA\PROGRAMMING_WORK\VS2010\KSH_DLGBASE_GL_VER_1_01_20150717_HAPTICDEVICE_PROJECT\KSH_DLGBASE_GL\RELEASE\HTHREAD.OBJ
C:\DATA\PROGRAMMING_WORK\VS2010\KSH_DLGBASE_GL_VER_1_01_20150717_HAPTICDEVICE_PROJECT\KSH_DLGBASE_GL\RELEASE\KSH_DLGBASE_GL.RES
C:\DATA\PROGRAMMING_WORK\VS2010\KSH_DLGBASE_GL_VER_1_01_20150717_HAPTICDEVICE_PROJECT\KSH_DLGBASE_GL\RELEASE\KSH_FUNC.OBJ
C:\DATA\PROGRAMMING_WORK\VS2010\KSH_DLGBASE_GL_VER_1_01_20150717_HAPTICDEVICE_PROJECT\KSH_DLGBASE_GL\RELEASE\KSH_HAPTICMASTER_PROJ.EXE.INTERMEDIATE.MANIFEST
C:\DATA\PROGRAMMING_WORK\VS2010\KSH_DLGBASE_GL_VER_1_01_20150717_HAPTICDEVICE_PROJECT\KSH_DLGBASE_GL\RELEASE\KSHFONTGL.OBJ
C:\DATA\PROGRAMMING_WORK\VS2010\KSH_DLGBASE_GL_VER_1_01_20150717_HAPTICDEVICE_PROJECT\KSH_DLGBASE_GL\RELEASE\KSHFPS.OBJ
C:\DATA\PROGRAMMING_WORK\VS2010\KSH_DLGBASE_GL_VER_1_01_20150717_HAPTICDEVICE_PROJECT\KSH_DLGBASE_GL\RELEASE\KSHIMAGE.OBJ
C:\DATA\PROGRAMMING_WORK\VS2010\KSH_DLGBASE_GL_VER_1_01_20150717_HAPTICDEVICE_PROJECT\KSH_DLGBASE_GL\RELEASE\KSHMENUGL.OBJ
C:\DATA\PROGRAMMING_WORK\VS2010\KSH_DLGBASE_GL_VER_1_01_20150717_HAPTICDEVICE_PROJECT\KSH_DLGBASE_GL\RELEASE\KSHOPENGL.OBJ
C:\DATA\PROGRAMMING_WORK\VS2010\KSH_DLGBASE_GL_VER_1_01_20150717_HAPTICDEVICE_PROJECT\KSH_DLGBASE_GL\RELEASE\KSHTEXTURE.OBJ
C:\DATA\PROGRAMMING_WORK\VS2010\KSH_DLGBASE_GL_VER_1_01_20150717_HAPTICDEVICE_PROJECT\KSH_DLGBASE_GL\RELEASE\KSHVECTOR.OBJ
C:\DATA\PROGRAMMING_WORK\VS2010\KSH_DLGBASE_GL_VER_1_01_20150717_HAPTICDEVICE_PROJECT\KSH_DLGBASE_GL\RELEASE\SERIALPORT.OBJ
C:\DATA\PROGRAMMING_WORK\VS2010\KSH_DLGBASE_GL_VER_1_01_20150717_HAPTICDEVICE_PROJECT\KSH_DLGBASE_GL\RELEASE\STDAFX.OBJ
C:\DATA\PROGRAMMING_WORK\VS2010\KSH_DLGBASE_GL_VER_1_01_20150717_HAPTICDEVICE_PROJECT\KSH_DLGBASE_GL\RELEASE\VC100.PDB
C:\DATA\PROGRAMMING_WORK\VS2010\KSH_DLGBASE_GL_VER_1_01_20150717_HAPTICDEVICE_PROJECT\KSH_DLGBASE_GL\RELEASE\WINMAIN.OBJ
C:\DATA\PROGRAMMING_WORK\VS2010\KSH_DLGBASE_GL_VER_1_01_20150717_HAPTICDEVICE_PROJECT\RELEASE\KSH_HAPTICMASTER_PROJ.EXE
C:\DATA\PROGRAMMING_WORK\VS2010\KSH_DLGBASE_GL_VER_1_01_20150717_HAPTICDEVICE_PROJECT\RELEASE\KSH_HAPTICMASTER_PROJ.PDB
C:\DATA\PROGRAMMING_WORK\VS2010\KSH_DLGBASE_GL_VER_1_01_20150730_HAPTICDEVICE_PROJECT_SCI_REV\KSH_DLGBASE_GL\RELEASE\COMMTHREAD.OBJ
C:\DATA\PROGRAMMING_WORK\VS2010\KSH_DLGBASE_GL_VER_1_01_20150730_HAPTICDEVICE_PROJECT_SCI_REV\KSH_DLGBASE_GL\RELEASE\CONTROLS.OBJ
C:\DATA\PROGRAMMING_WORK\VS2010\KSH_DLGBASE_GL_VER_1_01_20150730_HAPTICDEVICE_PROJECT_SCI_REV\KSH_DLGBASE_GL\RELEASE\DATA_SAVE.OBJ
C:\DATA\PROGRAMMING_WORK\VS2010\KSH_DLGBASE_GL_VER_1_01_20150730_HAPTICDEVICE_PROJECT_SCI_REV\KSH_DLGBASE_GL\RELEASE\GRAPHICS.OBJ
C:\DATA\PROGRAMMING_WORK\VS2010\KSH_DLGBASE_GL_VER_1_01_20150730_HAPTICDEVICE_PROJECT_SCI_REV\KSH_DLGBASE_GL\RELEASE\HTHREAD.OBJ
C:\DATA\PROGRAMMING_WORK\VS2010\KSH_DLGBASE_GL_VER_1_01_20150730_HAPTICDEVICE_PROJECT_SCI_REV\KSH_DLGBASE_GL\RELEASE\KSH_DLGBASE_GL.RES
C:\DATA\PROGRAMMING_WORK\VS2010\KSH_DLGBASE_GL_VER_1_01_20150730_HAPTICDEVICE_PROJECT_SCI_REV\KSH_DLGBASE_GL\RELEASE\KSH_FUNC.OBJ
C:\DATA\PROGRAMMING_WORK\VS2010\KSH_DLGBASE_GL_VER_1_01_20150730_HAPTICDEVICE_PROJECT_SCI_REV\KSH_DLGBASE_GL\RELEASE\KSH_HAPTICMASTER_PROJ.EXE.INTERMEDIATE.MANIFEST
C:\DATA\PROGRAMMING_WORK\VS2010\KSH_DLGBASE_GL_VER_1_01_20150730_HAPTICDEVICE_PROJECT_SCI_REV\KSH_DLGBASE_GL\RELEASE\KSHFONTGL.OBJ
C:\DATA\PROGRAMMING_WORK\VS2010\KSH_DLGBASE_GL_VER_1_01_20150730_HAPTICDEVICE_PROJECT_SCI_REV\KSH_DLGBASE_GL\RELEASE\KSHFPS.OBJ
C:\DATA\PROGRAMMING_WORK\VS2010\KSH_DLGBASE_GL_VER_1_01_20150730_HAPTICDEVICE_PROJECT_SCI_REV\KSH_DLGBASE_GL\RELEASE\KSHIMAGE.OBJ
C:\DATA\PROGRAMMING_WORK\VS2010\KSH_DLGBASE_GL_VER_1_01_20150730_HAPTICDEVICE_PROJECT_SCI_REV\KSH_DLGBASE_GL\RELEASE\KSHMENUGL.OBJ
C:\DATA\PROGRAMMING_WORK\VS2010\KSH_DLGBASE_GL_VER_1_01_20150730_HAPTICDEVICE_PROJECT_SCI_REV\KSH_DLGBASE_GL\RELEASE\KSHOPENGL.OBJ
C:\DATA\PROGRAMMING_WORK\VS2010\KSH_DLGBASE_GL_VER_1_01_20150730_HAPTICDEVICE_PROJECT_SCI_REV\KSH_DLGBASE_GL\RELEASE\KSHTEXTURE.OBJ
C:\DATA\PROGRAMMING_WORK\VS2010\KSH_DLGBASE_GL_VER_1_01_20150730_HAPTICDEVICE_PROJECT_SCI_REV\KSH_DLGBASE_GL\RELEASE\KSHVECTOR.OBJ
C:\DATA\PROGRAMMING_WORK\VS2010\KSH_DLGBASE_GL_VER_1_01_20150730_HAPTICDEVICE_PROJECT_SCI_REV\KSH_DLGBASE_GL\RELEASE\SERIALPORT.OBJ
C:\DATA\PROGRAMMING_WORK\VS2010\KSH_DLGBASE_GL_VER_1_01_20150730_HAPTICDEVICE_PROJECT_SCI_REV\KSH_DLGBASE_GL\RELEASE\STDAFX.OBJ
C:\DATA\PROGRAMMING_WORK\VS2010\KSH_DLGBASE_GL_VER_1_01_20150730_HAPTICDEVICE_PROJECT_SCI_REV\KSH_DLGBASE_GL\RELEASE\VC100.PDB
C:\DATA\PROGRAMMING_WORK\VS2010\KSH_DLGBASE_GL_VER_1_01_20150730_HAPTICDEVICE_PROJECT_SCI_REV\KSH_DLGBASE_GL\RELEASE\WINMAIN.OBJ
C:\DATA\PROGRAMMING_WORK\VS2010\KSH_DLGBASE_GL_VER_1_01_20150730_HAPTICDEVICE_PROJECT_SCI_REV\RELEASE\KSH_HAPTICMASTER_PROJ.EXE
C:\DATA\PROGRAMMING_WORK\VS2010\KSH_DLGBASE_GL_VER_1_01_20150730_HAPTICDEVICE_PROJECT_SCI_REV\RELEASE\KSH_HAPTICMASTER_PROJ.PDB
C:\DATA\PROGRAMMING_WORK\VS2010\KSH_DLGBASE_GL_VER_1_01_20150731_HAPTICDEVICE_PROJECT_SCI_REV\KSH_DLGBASE_GL\RELEASE\COMMTHREAD.OBJ
C:\DATA\PROGRAMMING_WORK\VS2010\KSH_DLGBASE_GL_VER_1_01_20150731_HAPTICDEVICE_PROJECT_SCI_REV\KSH_DLGBASE_GL\RELEASE\CONTROLS.OBJ
C:\DATA\PROGRAMMING_WORK\VS2010\KSH_DLGBASE_GL_VER_1_01_20150731_HAPTICDEVICE_PROJECT_SCI_REV\KSH_DLGBASE_GL\RELEASE\DATA_SAVE.OBJ
C:\DATA\PROGRAMMING_WORK\VS2010\KSH_DLGBASE_GL_VER_1_01_20150731_HAPTICDEVICE_PROJECT_SCI_REV\KSH_DLGBASE_GL\RELEASE\GRAPHICS.OBJ
C:\DATA\PROGRAMMING_WORK\VS2010\KSH_DLGBASE_GL_VER_1_01_20150731_HAPTICDEVICE_PROJECT_SCI_REV\KSH_DLGBASE_GL\RELEASE\HTHREAD.OBJ
C:\DATA\PROGRAMMING_WORK\VS2010\KSH_DLGBASE_GL_VER_1_01_20150731_HAPTICDEVICE_PROJECT_SCI_REV\KSH_DLGBASE_GL\RELEASE\KSH_DLGBASE_GL.RES
C:\DATA\PROGRAMMING_WORK\VS2010\KSH_DLGBASE_GL_VER_1_01_20150731_HAPTICDEVICE_PROJECT_SCI_REV\KSH_DLGBASE_GL\RELEASE\KSH_FUNC.OBJ
C:\DATA\PROGRAMMING_WORK\VS2010\KSH_DLGBASE_GL_VER_1_01_20150731_HAPTICDEVICE_PROJECT_SCI_REV\KSH_DLGBASE_GL\RELEASE\KSH_HAPTICMASTER_PROJ.EXE.INTERMEDIATE.MANIFEST
C:\DATA\PROGRAMMING_WORK\VS2010\KSH_DLGBASE_GL_VER_1_01_20150731_HAPTICDEVICE_PROJECT_SCI_REV\KSH_DLGBASE_GL\RELEASE\KSHFONTGL.OBJ
C:\DATA\PROGRAMMING_WORK\VS2010\KSH_DLGBASE_GL_VER_1_01_20150731_HAPTICDEVICE_PROJECT_SCI_REV\KSH_DLGBASE_GL\RELEASE\KSHFPS.OBJ
C:\DATA\PROGRAMMING_WORK\VS2010\KSH_DLGBASE_GL_VER_1_01_20150731_HAPTICDEVICE_PROJECT_SCI_REV\KSH_DLGBASE_GL\RELEASE\KSHIMAGE.OBJ
C:\DATA\PROGRAMMING_WORK\VS2010\KSH_DLGBASE_GL_VER_1_01_20150731_HAPTICDEVICE_PROJECT_SCI_REV\KSH_DLGBASE_GL\RELEASE\KSHMENUGL.OBJ
C:\DATA\PROGRAMMING_WORK\VS2010\KSH_DLGBASE_GL_VER_1_01_20150731_HAPTICDEVICE_PROJECT_SCI_REV\KSH_DLGBASE_GL\RELEASE\KSHOPENGL.OBJ
C:\DATA\PROGRAMMING_WORK\VS2010\KSH_DLGBASE_GL_VER_1_01_20150731_HAPTICDEVICE_PROJECT_SCI_REV\KSH_DLGBASE_GL\RELEASE\KSHTEXTURE.OBJ
C:\DATA\PROGRAMMING_WORK\VS2010\KSH_DLGBASE_GL_VER_1_01_20150731_HAPTICDEVICE_PROJECT_SCI_REV\KSH_DLGBASE_GL\RELEASE\KSHVECTOR.OBJ
C:\DATA\PROGRAMMING_WORK\VS2010\KSH_DLGBASE_GL_VER_1_01_20150731_HAPTICDEVICE_PROJECT_SCI_REV\KSH_DLGBASE_GL\RELEASE\SERIALPORT.OBJ
C:\DATA\PROGRAMMING_WORK\VS2010\KSH_DLGBASE_GL_VER_1_01_20150731_HAPTICDEVICE_PROJECT_SCI_REV\KSH_DLGBASE_GL\RELEASE\STDAFX.OBJ
C:\DATA\PROGRAMMING_WORK\VS2010\KSH_DLGBASE_GL_VER_1_01_20150731_HAPTICDEVICE_PROJECT_SCI_REV\KSH_DLGBASE_GL\RELEASE\VC100.PDB
C:\DATA\PROGRAMMING_WORK\VS2010\KSH_DLGBASE_GL_VER_1_01_20150731_HAPTICDEVICE_PROJECT_SCI_REV\KSH_DLGBASE_GL\RELEASE\WINMAIN.OBJ
C:\DATA\PROGRAMMING_WORK\VS2010\KSH_DLGBASE_GL_VER_1_01_20150731_HAPTICDEVICE_PROJECT_SCI_REV\RELEASE\KSH_HAPTICMASTER_PROJ.EXE
C:\DATA\PROGRAMMING_WORK\VS2010\KSH_DLGBASE_GL_VER_1_01_20150731_HAPTICDEVICE_PROJECT_SCI_REV\RELEASE\KSH_HAPTICMASTER_PROJ.PDB
C:\DATA\PROGRAMMING_WORK\VS2010\KSH_DLGBASE_GL_VER_1_01_20150801_HAPTICDEVICE_PROJECT_SCI_REV\KSH_DLGBASE_GL\RELEASE\COMMTHREAD.OBJ
C:\DATA\PROGRAMMING_WORK\VS2010\KSH_DLGBASE_GL_VER_1_01_20150801_HAPTICDEVICE_PROJECT_SCI_REV\KSH_DLGBASE_GL\RELEASE\CONTROLS.OBJ
C:\DATA\PROGRAMMING_WORK\VS2010\KSH_DLGBASE_GL_VER_1_01_20150801_HAPTICDEVICE_PROJECT_SCI_REV\KSH_DLGBASE_GL\RELEASE\DATA_SAVE.OBJ
C:\DATA\PROGRAMMING_WORK\VS2010\KSH_DLGBASE_GL_VER_1_01_20150801_HAPTICDEVICE_PROJECT_SCI_REV\KSH_DLGBASE_GL\RELEASE\GRAPHICS.OBJ
C:\DATA\PROGRAMMING_WORK\VS2010\KSH_DLGBASE_GL_VER_1_01_20150801_HAPTICDEVICE_PROJECT_SCI_REV\KSH_DLGBASE_GL\RELEASE\HTHREAD.OBJ
C:\DATA\PROGRAMMING_WORK\VS2010\KSH_DLGBASE_GL_VER_1_01_20150801_HAPTICDEVICE_PROJECT_SCI_REV\KSH_DLGBASE_GL\RELEASE\KSH_DLGBASE_GL.RES
C:\DATA\PROGRAMMING_WORK\VS2010\KSH_DLGBASE_GL_VER_1_01_20150801_HAPTICDEVICE_PROJECT_SCI_REV\KSH_DLGBASE_GL\RELEASE\KSH_FUNC.OBJ
C:\DATA\PROGRAMMING_WORK\VS2010\KSH_DLGBASE_GL_VER_1_01_20150801_HAPTICDEVICE_PROJECT_SCI_REV\KSH_DLGBASE_GL\RELEASE\KSH_HAPTICMASTER_PROJ.EXE.INTERMEDIATE.MANIFEST
C:\DATA\PROGRAMMING_WORK\VS2010\KSH_DLGBASE_GL_VER_1_01_20150801_HAPTICDEVICE_PROJECT_SCI_REV\KSH_DLGBASE_GL\RELEASE\KSHFONTGL.OBJ
C:\DATA\PROGRAMMING_WORK\VS2010\KSH_DLGBASE_GL_VER_1_01_20150801_HAPTICDEVICE_PROJECT_SCI_REV\KSH_DLGBASE_GL\RELEASE\KSHFPS.OBJ
C:\DATA\PROGRAMMING_WORK\VS2010\KSH_DLGBASE_GL_VER_1_01_20150801_HAPTICDEVICE_PROJECT_SCI_REV\KSH_DLGBASE_GL\RELEASE\KSHIMAGE.OBJ
C:\DATA\PROGRAMMING_WORK\VS2010\KSH_DLGBASE_GL_VER_1_01_20150801_HAPTICDEVICE_PROJECT_SCI_REV\KSH_DLGBASE_GL\RELEASE\KSHMENUGL.OBJ
C:\DATA\PROGRAMMING_WORK\VS2010\KSH_DLGBASE_GL_VER_1_01_20150801_HAPTICDEVICE_PROJECT_SCI_REV\KSH_DLGBASE_GL\RELEASE\KSHOPENGL.OBJ
C:\DATA\PROGRAMMING_WORK\VS2010\KSH_DLGBASE_GL_VER_1_01_20150801_HAPTICDEVICE_PROJECT_SCI_REV\KSH_DLGBASE_GL\RELEASE\KSHTEXTURE.OBJ
C:\DATA\PROGRAMMING_WORK\VS2010\KSH_DLGBASE_GL_VER_1_01_20150801_HAPTICDEVICE_PROJECT_SCI_REV\KSH_DLGBASE_GL\RELEASE\KSHVECTOR.OBJ
C:\DATA\PROGRAMMING_WORK\VS2010\KSH_DLGBASE_GL_VER_1_01_20150801_HAPTICDEVICE_PROJECT_SCI_REV\KSH_DLGBASE_GL\RELEASE\SERIALPORT.OBJ
C:\DATA\PROGRAMMING_WORK\VS2010\KSH_DLGBASE_GL_VER_1_01_20150801_HAPTICDEVICE_PROJECT_SCI_REV\KSH_DLGBASE_GL\RELEASE\STDAFX.OBJ
C:\DATA\PROGRAMMING_WORK\VS2010\KSH_DLGBASE_GL_VER_1_01_20150801_HAPTICDEVICE_PROJECT_SCI_REV\KSH_DLGBASE_GL\RELEASE\VC100.PDB
C:\DATA\PROGRAMMING_WORK\VS2010\KSH_DLGBASE_GL_VER_1_01_20150801_HAPTICDEVICE_PROJECT_SCI_REV\KSH_DLGBASE_GL\RELEASE\WINMAIN.OBJ
C:\DATA\PROGRAMMING_WORK\VS2010\KSH_DLGBASE_GL_VER_1_01_20150801_HAPTICDEVICE_PROJECT_SCI_REV\RELEASE\KSH_HAPTICMASTER_PROJ.EXE
C:\DATA\PROGRAMMING_WORK\VS2010\KSH_DLGBASE_GL_VER_1_01_20150801_HAPTICDEVICE_PROJECT_SCI_REV\RELEASE\KSH_HAPTICMASTER_PROJ.PDB
C:\DATA\PROGRAMMING_WORK\VS2010\KSH_DLGBASE_GL_VER_1_01_20150803_HAPTICDEVICE_PROJECT_SCI_REV\KSH_DLGBASE_GL\RELEASE\COMMTHREAD.OBJ
C:\DATA\PROGRAMMING_WORK\VS2010\KSH_DLGBASE_GL_VER_1_01_20150803_HAPTICDEVICE_PROJECT_SCI_REV\KSH_DLGBASE_GL\RELEASE\CONTROLS.OBJ
C:\DATA\PROGRAMMING_WORK\VS2010\KSH_DLGBASE_GL_VER_1_01_20150803_HAPTICDEVICE_PROJECT_SCI_REV\KSH_DLGBASE_GL\RELEASE\DATA_SAVE.OBJ
C:\DATA\PROGRAMMING_WORK\VS2010\KSH_DLGBASE_GL_VER_1_01_20150803_HAPTICDEVICE_PROJECT_SCI_REV\KSH_DLGBASE_GL\RELEASE\GRAPHICS.OBJ
C:\DATA\PROGRAMMING_WORK\VS2010\KSH_DLGBASE_GL_VER_1_01_20150803_HAPTICDEVICE_PROJECT_SCI_REV\KSH_DLGBASE_GL\RELEASE\HTHREAD.OBJ
C:\DATA\PROGRAMMING_WORK\VS2010\KSH_DLGBASE_GL_VER_1_01_20150803_HAPTICDEVICE_PROJECT_SCI_REV\KSH_DLGBASE_GL\RELEASE\KSH_DLGBASE_GL.RES
C:\DATA\PROGRAMMING_WORK\VS2010\KSH_DLGBASE_GL_VER_1_01_20150803_HAPTICDEVICE_PROJECT_SCI_REV\KSH_DLGBASE_GL\RELEASE\KSH_FUNC.OBJ
C:\DATA\PROGRAMMING_WORK\VS2010\KSH_DLGBASE_GL_VER_1_01_20150803_HAPTICDEVICE_PROJECT_SCI_REV\KSH_DLGBASE_GL\RELEASE\KSH_HAPTICMASTER_PROJ.EXE.INTERMEDIATE.MANIFEST
C:\DATA\PROGRAMMING_WORK\VS2010\KSH_DLGBASE_GL_VER_1_01_20150803_HAPTICDEVICE_PROJECT_SCI_REV\KSH_DLGBASE_GL\RELEASE\KSHFONTGL.OBJ
C:\DATA\PROGRAMMING_WORK\VS2010\KSH_DLGBASE_GL_VER_1_01_20150803_HAPTICDEVICE_PROJECT_SCI_REV\KSH_DLGBASE_GL\RELEASE\KSHFPS.OBJ
C:\DATA\PROGRAMMING_WORK\VS2010\KSH_DLGBASE_GL_VER_1_01_20150803_HAPTICDEVICE_PROJECT_SCI_REV\KSH_DLGBASE_GL\RELEASE\KSHIMAGE.OBJ
C:\DATA\PROGRAMMING_WORK\VS2010\KSH_DLGBASE_GL_VER_1_01_20150803_HAPTICDEVICE_PROJECT_SCI_REV\KSH_DLGBASE_GL\RELEASE\KSHMENUGL.OBJ
C:\DATA\PROGRAMMING_WORK\VS2010\KSH_DLGBASE_GL_VER_1_01_20150803_HAPTICDEVICE_PROJECT_SCI_REV\KSH_DLGBASE_GL\RELEASE\KSHOPENGL.OBJ
C:\DATA\PROGRAMMING_WORK\VS2010\KSH_DLGBASE_GL_VER_1_01_20150803_HAPTICDEVICE_PROJECT_SCI_REV\KSH_DLGBASE_GL\RELEASE\KSHTEXTURE.OBJ
C:\DATA\PROGRAMMING_WORK\VS2010\KSH_DLGBASE_GL_VER_1_01_20150803_HAPTICDEVICE_PROJECT_SCI_REV\KSH_DLGBASE_GL\RELEASE\KSHVECTOR.OBJ
C:\DATA\PROGRAMMING_WORK\VS2010\KSH_DLGBASE_GL_VER_1_01_20150803_HAPTICDEVICE_PROJECT_SCI_REV\KSH_DLGBASE_GL\RELEASE\SERIALPORT.OBJ
C:\DATA\PROGRAMMING_WORK\VS2010\KSH_DLGBASE_GL_VER_1_01_20150803_HAPTICDEVICE_PROJECT_SCI_REV\KSH_DLGBASE_GL\RELEASE\STDAFX.OBJ
C:\DATA\PROGRAMMING_WORK\VS2010\KSH_DLGBASE_GL_VER_1_01_20150803_HAPTICDEVICE_PROJECT_SCI_REV\KSH_DLGBASE_GL\RELEASE\VC100.PDB
C:\DATA\PROGRAMMING_WORK\VS2010\KSH_DLGBASE_GL_VER_1_01_20150803_HAPTICDEVICE_PROJECT_SCI_REV\KSH_DLGBASE_GL\RELEASE\WINMAIN.OBJ
C:\DATA\PROGRAMMING_WORK\VS2010\KSH_DLGBASE_GL_VER_1_01_20150803_HAPTICDEVICE_PROJECT_SCI_REV\RELEASE\KSH_HAPTICMASTER_PROJ.EXE
C:\DATA\PROGRAMMING_WORK\VS2010\KSH_DLGBASE_GL_VER_1_01_20150803_HAPTICDEVICE_PROJECT_SCI_REV\RELEASE\KSH_HAPTICMASTER_PROJ.PDB
C:\DATA\PROGRAMMING_WORK\VS2010\KSH_DLGBASE_GL_VER_1_01_20150825_HAPTICDEVICE_PROJECT_SCI_REV\KSH_DLGBASE_GL\RELEASE\COMMTHREAD.OBJ
C:\DATA\PROGRAMMING_WORK\VS2010\KSH_DLGBASE_GL_VER_1_01_20150825_HAPTICDEVICE_PROJECT_SCI_REV\KSH_DLGBASE_GL\RELEASE\CONTROLS.OBJ
C:\DATA\PROGRAMMING_WORK\VS2010\KSH_DLGBASE_GL_VER_1_01_20150825_HAPTICDEVICE_PROJECT_SCI_REV\KSH_DLGBASE_GL\RELEASE\DATA_SAVE.OBJ
C:\DATA\PROGRAMMING_WORK\VS2010\KSH_DLGBASE_GL_VER_1_01_20150825_HAPTICDEVICE_PROJECT_SCI_REV\KSH_DLGBASE_GL\RELEASE\GRAPHICS.OBJ
C:\DATA\PROGRAMMING_WORK\VS2010\KSH_DLGBASE_GL_VER_1_01_20150825_HAPTICDEVICE_PROJECT_SCI_REV\KSH_DLGBASE_GL\RELEASE\HTHREAD.OBJ
C:\DATA\PROGRAMMING_WORK\VS2010\KSH_DLGBASE_GL_VER_1_01_20150825_HAPTICDEVICE_PROJECT_SCI_REV\KSH_DLGBASE_GL\RELEASE\KSH_DLGBASE_GL.RES
C:\DATA\PROGRAMMING_WORK\VS2010\KSH_DLGBASE_GL_VER_1_01_20150825_HAPTICDEVICE_PROJECT_SCI_REV\KSH_DLGBASE_GL\RELEASE\KSH_FUNC.OBJ
C:\DATA\PROGRAMMING_WORK\VS2010\KSH_DLGBASE_GL_VER_1_01_20150825_HAPTICDEVICE_PROJECT_SCI_REV\KSH_DLGBASE_GL\RELEASE\KSH_HAPTICMASTER_PROJ.EXE.INTERMEDIATE.MANIFEST
C:\DATA\PROGRAMMING_WORK\VS2010\KSH_DLGBASE_GL_VER_1_01_20150825_HAPTICDEVICE_PROJECT_SCI_REV\KSH_DLGBASE_GL\RELEASE\KSHFONTGL.OBJ
C:\DATA\PROGRAMMING_WORK\VS2010\KSH_DLGBASE_GL_VER_1_01_20150825_HAPTICDEVICE_PROJECT_SCI_REV\KSH_DLGBASE_GL\RELEASE\KSHFPS.OBJ
C:\DATA\PROGRAMMING_WORK\VS2010\KSH_DLGBASE_GL_VER_1_01_20150825_HAPTICDEVICE_PROJECT_SCI_REV\KSH_DLGBASE_GL\RELEASE\KSHIMAGE.OBJ
C:\DATA\PROGRAMMING_WORK\VS2010\KSH_DLGBASE_GL_VER_1_01_20150825_HAPTICDEVICE_PROJECT_SCI_REV\KSH_DLGBASE_GL\RELEASE\KSHMENUGL.OBJ
C:\DATA\PROGRAMMING_WORK\VS2010\KSH_DLGBASE_GL_VER_1_01_20150825_HAPTICDEVICE_PROJECT_SCI_REV\KSH_DLGBASE_GL\RELEASE\KSHOPENGL.OBJ
C:\DATA\PROGRAMMING_WORK\VS2010\KSH_DLGBASE_GL_VER_1_01_20150825_HAPTICDEVICE_PROJECT_SCI_REV\KSH_DLGBASE_GL\RELEASE\KSHTEXTURE.OBJ
C:\DATA\PROGRAMMING_WORK\VS2010\KSH_DLGBASE_GL_VER_1_01_20150825_HAPTICDEVICE_PROJECT_SCI_REV\KSH_DLGBASE_GL\RELEASE\KSHVECTOR.OBJ
C:\DATA\PROGRAMMING_WORK\VS2010\KSH_DLGBASE_GL_VER_1_01_20150825_HAPTICDEVICE_PROJECT_SCI_REV\KSH_DLGBASE_GL\RELEASE\SERIALPORT.OBJ
C:\DATA\PROGRAMMING_WORK\VS2010\KSH_DLGBASE_GL_VER_1_01_20150825_HAPTICDEVICE_PROJECT_SCI_REV\KSH_DLGBASE_GL\RELEASE\STDAFX.OBJ
C:\DATA\PROGRAMMING_WORK\VS2010\KSH_DLGBASE_GL_VER_1_01_20150825_HAPTICDEVICE_PROJECT_SCI_REV\KSH_DLGBASE_GL\RELEASE\VC100.PDB
C:\DATA\PROGRAMMING_WORK\VS2010\KSH_DLGBASE_GL_VER_1_01_20150825_HAPTICDEVICE_PROJECT_SCI_REV\KSH_DLGBASE_GL\RELEASE\WINMAIN.OBJ
C:\DATA\PROGRAMMING_WORK\VS2010\KSH_DLGBASE_GL_VER_1_01_20150825_HAPTICDEVICE_PROJECT_SCI_REV\RELEASE\KSH_HAPTICMASTER_PROJ.EXE
C:\DATA\PROGRAMMING_WORK\VS2010\KSH_DLGBASE_GL_VER_1_01_20150825_HAPTICDEVICE_PROJECT_SCI_REV\RELEASE\KSH_HAPTICMASTER_PROJ.PDB
C:\DATA\PROGRAMMING_WORK\VS2010\KSH_DLGBASE_GL_VER_1_01_20150825_HAPTICDEVICE_PROJECT_SCI_REV16\KSH_DLGBASE_GL\RELEASE\COMMTHREAD.OBJ
C:\DATA\PROGRAMMING_WORK\VS2010\KSH_DLGBASE_GL_VER_1_01_20150825_HAPTICDEVICE_PROJECT_SCI_REV16\KSH_DLGBASE_GL\RELEASE\CONTROLS.OBJ
C:\DATA\PROGRAMMING_WORK\VS2010\KSH_DLGBASE_GL_VER_1_01_20150825_HAPTICDEVICE_PROJECT_SCI_REV16\KSH_DLGBASE_GL\RELEASE\DATA_SAVE.OBJ
C:\DATA\PROGRAMMING_WORK\VS2010\KSH_DLGBASE_GL_VER_1_01_20150825_HAPTICDEVICE_PROJECT_SCI_REV16\KSH_DLGBASE_GL\RELEASE\GRAPHICS.OBJ
C:\DATA\PROGRAMMING_WORK\VS2010\KSH_DLGBASE_GL_VER_1_01_20150825_HAPTICDEVICE_PROJECT_SCI_REV16\KSH_DLGBASE_GL\RELEASE\HTHREAD.OBJ
C:\DATA\PROGRAMMING_WORK\VS2010\KSH_DLGBASE_GL_VER_1_01_20150825_HAPTICDEVICE_PROJECT_SCI_REV16\KSH_DLGBASE_GL\RELEASE\KSH_DLGBASE_GL.RES
C:\DATA\PROGRAMMING_WORK\VS2010\KSH_DLGBASE_GL_VER_1_01_20150825_HAPTICDEVICE_PROJECT_SCI_REV16\KSH_DLGBASE_GL\RELEASE\KSH_FUNC.OBJ
C:\DATA\PROGRAMMING_WORK\VS2010\KSH_DLGBASE_GL_VER_1_01_20150825_HAPTICDEVICE_PROJECT_SCI_REV16\KSH_DLGBASE_GL\RELEASE\KSH_HAPTICMASTER_PROJ.EXE.INTERMEDIATE.MANIFEST
C:\DATA\PROGRAMMING_WORK\VS2010\KSH_DLGBASE_GL_VER_1_01_20150825_HAPTICDEVICE_PROJECT_SCI_REV16\KSH_DLGBASE_GL\RELEASE\KSHFONTGL.OBJ
C:\DATA\PROGRAMMING_WORK\VS2010\KSH_DLGBASE_GL_VER_1_01_20150825_HAPTICDEVICE_PROJECT_SCI_REV16\KSH_DLGBASE_GL\RELEASE\KSHFPS.OBJ
C:\DATA\PROGRAMMING_WORK\VS2010\KSH_DLGBASE_GL_VER_1_01_20150825_HAPTICDEVICE_PROJECT_SCI_REV16\KSH_DLGBASE_GL\RELEASE\KSHIMAGE.OBJ
C:\DATA\PROGRAMMING_WORK\VS2010\KSH_DLGBASE_GL_VER_1_01_20150825_HAPTICDEVICE_PROJECT_SCI_REV16\KSH_DLGBASE_GL\RELEASE\KSHMENUGL.OBJ
C:\DATA\PROGRAMMING_WORK\VS2010\KSH_DLGBASE_GL_VER_1_01_20150825_HAPTICDEVICE_PROJECT_SCI_REV16\KSH_DLGBASE_GL\RELEASE\KSHOPENGL.OBJ
C:\DATA\PROGRAMMING_WORK\VS2010\KSH_DLGBASE_GL_VER_1_01_20150825_HAPTICDEVICE_PROJECT_SCI_REV16\KSH_DLGBASE_GL\RELEASE\KSHTEXTURE.OBJ
C:\DATA\PROGRAMMING_WORK\VS2010\KSH_DLGBASE_GL_VER_1_01_20150825_HAPTICDEVICE_PROJECT_SCI_REV16\KSH_DLGBASE_GL\RELEASE\KSHVECTOR.OBJ
C:\DATA\PROGRAMMING_WORK\VS2010\KSH_DLGBASE_GL_VER_1_01_20150825_HAPTICDEVICE_PROJECT_SCI_REV16\KSH_DLGBASE_GL\RELEASE\SERIALPORT.OBJ
C:\DATA\PROGRAMMING_WORK\VS2010\KSH_DLGBASE_GL_VER_1_01_20150825_HAPTICDEVICE_PROJECT_SCI_REV16\KSH_DLGBASE_GL\RELEASE\STDAFX.OBJ
C:\DATA\PROGRAMMING_WORK\VS2010\KSH_DLGBASE_GL_VER_1_01_20150825_HAPTICDEVICE_PROJECT_SCI_REV16\KSH_DLGBASE_GL\RELEASE\VC100.PDB
C:\DATA\PROGRAMMING_WORK\VS2010\KSH_DLGBASE_GL_VER_1_01_20150825_HAPTICDEVICE_PROJECT_SCI_REV16\KSH_DLGBASE_GL\RELEASE\WINMAIN.OBJ
C:\DATA\PROGRAMMING_WORK\VS2010\KSH_DLGBASE_GL_VER_1_01_20150825_HAPTICDEVICE_PROJECT_SCI_REV16\RELEASE\KSH_HAPTICMASTER_PROJ.EXE
C:\DATA\PROGRAMMING_WORK\VS2010\KSH_DLGBASE_GL_VER_1_01_20150825_HAPTICDEVICE_PROJECT_SCI_REV16\RELEASE\KSH_HAPTICMASTER_PROJ.PDB
C:\DATA\PROGRAMMING_WORK\VS2010\KSH_DLGBASE_GL_VER_1_01_20150828_HAPTICDEVICE_PROJECT_SCI_REV16\KSH_DLGBASE_GL\RELEASE\COMMTHREAD.OBJ
C:\DATA\PROGRAMMING_WORK\VS2010\KSH_DLGBASE_GL_VER_1_01_20150828_HAPTICDEVICE_PROJECT_SCI_REV16\KSH_DLGBASE_GL\RELEASE\CONTROLS.OBJ
C:\DATA\PROGRAMMING_WORK\VS2010\KSH_DLGBASE_GL_VER_1_01_20150828_HAPTICDEVICE_PROJECT_SCI_REV16\KSH_DLGBASE_GL\RELEASE\DATA_SAVE.OBJ
C:\DATA\PROGRAMMING_WORK\VS2010\KSH_DLGBASE_GL_VER_1_01_20150828_HAPTICDEVICE_PROJECT_SCI_REV16\KSH_DLGBASE_GL\RELEASE\GRAPHICS.OBJ
C:\DATA\PROGRAMMING_WORK\VS2010\KSH_DLGBASE_GL_VER_1_01_20150828_HAPTICDEVICE_PROJECT_SCI_REV16\KSH_DLGBASE_GL\RELEASE\HTHREAD.OBJ
C:\DATA\PROGRAMMING_WORK\VS2010\KSH_DLGBASE_GL_VER_1_01_20150828_HAPTICDEVICE_PROJECT_SCI_REV16\KSH_DLGBASE_GL\RELEASE\KSH_DLGBASE_GL.RES
C:\DATA\PROGRAMMING_WORK\VS2010\KSH_DLGBASE_GL_VER_1_01_20150828_HAPTICDEVICE_PROJECT_SCI_REV16\KSH_DLGBASE_GL\RELEASE\KSH_FUNC.OBJ
C:\DATA\PROGRAMMING_WORK\VS2010\KSH_DLGBASE_GL_VER_1_01_20150828_HAPTICDEVICE_PROJECT_SCI_REV16\KSH_DLGBASE_GL\RELEASE\KSH_HAPTICMASTER_PROJ.EXE.INTERMEDIATE.MANIFEST
C:\DATA\PROGRAMMING_WORK\VS2010\KSH_DLGBASE_GL_VER_1_01_20150828_HAPTICDEVICE_PROJECT_SCI_REV16\KSH_DLGBASE_GL\RELEASE\KSHFONTGL.OBJ
C:\DATA\PROGRAMMING_WORK\VS2010\KSH_DLGBASE_GL_VER_1_01_20150828_HAPTICDEVICE_PROJECT_SCI_REV16\KSH_DLGBASE_GL\RELEASE\KSHFPS.OBJ
C:\DATA\PROGRAMMING_WORK\VS2010\KSH_DLGBASE_GL_VER_1_01_20150828_HAPTICDEVICE_PROJECT_SCI_REV16\KSH_DLGBASE_GL\RELEASE\KSHIMAGE.OBJ
C:\DATA\PROGRAMMING_WORK\VS2010\KSH_DLGBASE_GL_VER_1_01_20150828_HAPTICDEVICE_PROJECT_SCI_REV16\KSH_DLGBASE_GL\RELEASE\KSHMENUGL.OBJ
C:\DATA\PROGRAMMING_WORK\VS2010\KSH_DLGBASE_GL_VER_1_01_20150828_HAPTICDEVICE_PROJECT_SCI_REV16\KSH_DLGBASE_GL\RELEASE\KSHOPENGL.OBJ
C:\DATA\PROGRAMMING_WORK\VS2010\KSH_DLGBASE_GL_VER_1_01_20150828_HAPTICDEVICE_PROJECT_SCI_REV16\KSH_DLGBASE_GL\RELEASE\KSHTEXTURE.OBJ
C:\DATA\PROGRAMMING_WORK\VS2010\KSH_DLGBASE_GL_VER_1_01_20150828_HAPTICDEVICE_PROJECT_SCI_REV16\KSH_DLGBASE_GL\RELEASE\KSHVECTOR.OBJ
C:\DATA\PROGRAMMING_WORK\VS2010\KSH_DLGBASE_GL_VER_1_01_20150828_HAPTICDEVICE_PROJECT_SCI_REV16\KSH_DLGBASE_GL\RELEASE\SERIALPORT.OBJ
C:\DATA\PROGRAMMING_WORK\VS2010\KSH_DLGBASE_GL_VER_1_01_20150828_HAPTICDEVICE_PROJECT_SCI_REV16\KSH_DLGBASE_GL\RELEASE\STDAFX.OBJ
C:\DATA\PROGRAMMING_WORK\VS2010\KSH_DLGBASE_GL_VER_1_01_20150828_HAPTICDEVICE_PROJECT_SCI_REV16\KSH_DLGBASE_GL\RELEASE\VC100.PDB
C:\DATA\PROGRAMMING_WORK\VS2010\KSH_DLGBASE_GL_VER_1_01_20150828_HAPTICDEVICE_PROJECT_SCI_REV16\KSH_DLGBASE_GL\RELEASE\WINMAIN.OBJ
C:\DATA\PROGRAMMING_WORK\VS2010\KSH_DLGBASE_GL_VER_1_01_20150828_HAPTICDEVICE_PROJECT_SCI_REV16\RELEASE\KSH_HAPTICMASTER_PROJ.EXE
C:\DATA\PROGRAMMING_WORK\VS2010\KSH_DLGBASE_GL_VER_1_01_20150828_HAPTICDEVICE_PROJECT_SCI_REV16\RELEASE\KSH_HAPTICMASTER_PROJ.PDB
C:\DATA\PROGRAMMING_WORK\VS2010\TESTBED_2DOF\20150106_2DOF_PBIC_SF_PI\KSH_DLGBASE_GL\RELEASE\CONTROLS.OBJ
C:\DATA\PROGRAMMING_WORK\VS2010\TESTBED_2DOF\20150106_2DOF_PBIC_SF_PI\KSH_DLGBASE_GL\RELEASE\GRAPHICS.OBJ
C:\DATA\PROGRAMMING_WORK\VS2010\TESTBED_2DOF\20150106_2DOF_PBIC_SF_PI\KSH_DLGBASE_GL\RELEASE\HTHREAD.OBJ
C:\DATA\PROGRAMMING_WORK\VS2010\TESTBED_2DOF\20150106_2DOF_PBIC_SF_PI\KSH_DLGBASE_GL\RELEASE\KSH_DLGBASE_GL.EXE.INTERMEDIATE.MANIFEST
C:\DATA\PROGRAMMING_WORK\VS2010\TESTBED_2DOF\20150106_2DOF_PBIC_SF_PI\KSH_DLGBASE_GL\RELEASE\KSH_DLGBASE_GL.RES
C:\DATA\PROGRAMMING_WORK\VS2010\TESTBED_2DOF\20150106_2DOF_PBIC_SF_PI\KSH_DLGBASE_GL\RELEASE\KSH_FUNC.OBJ
C:\DATA\PROGRAMMING_WORK\VS2010\TESTBED_2DOF\20150106_2DOF_PBIC_SF_PI\KSH_DLGBASE_GL\RELEASE\KSHFONTGL.OBJ
C:\DATA\PROGRAMMING_WORK\VS2010\TESTBED_2DOF\20150106_2DOF_PBIC_SF_PI\KSH_DLGBASE_GL\RELEASE\KSHFPS.OBJ
C:\DATA\PROGRAMMING_WORK\VS2010\TESTBED_2DOF\20150106_2DOF_PBIC_SF_PI\KSH_DLGBASE_GL\RELEASE\KSHIMAGE.OBJ
C:\DATA\PROGRAMMING_WORK\VS2010\TESTBED_2DOF\20150106_2DOF_PBIC_SF_PI\KSH_DLGBASE_GL\RELEASE\KSHMENUGL.OBJ
C:\DATA\PROGRAMMING_WORK\VS2010\TESTBED_2DOF\20150106_2DOF_PBIC_SF_PI\KSH_DLGBASE_GL\RELEASE\KSHOPENGL.OBJ
C:\DATA\PROGRAMMING_WORK\VS2010\TESTBED_2DOF\20150106_2DOF_PBIC_SF_PI\KSH_DLGBASE_GL\RELEASE\KSHTEXTURE.OBJ
C:\DATA\PROGRAMMING_WORK\VS2010\TESTBED_2DOF\20150106_2DOF_PBIC_SF_PI\KSH_DLGBASE_GL\RELEASE\KSHVECTOR.OBJ
C:\DATA\PROGRAMMING_WORK\VS2010\TESTBED_2DOF\20150106_2DOF_PBIC_SF_PI\KSH_DLGBASE_GL\RELEASE\VC100.PDB
C:\DATA\PROGRAMMING_WORK\VS2010\TESTBED_2DOF\20150106_2DOF_PBIC_SF_PI\KSH_DLGBASE_GL\RELEASE\WINMAIN.OBJ
C:\DATA\PROGRAMMING_WORK\VS2010\TESTBED_2DOF\20150106_2DOF_PBIC_SF_PI\RELEASE\KSH_DLGBASE_GL.EXE
C:\DATA\PROGRAMMING_WORK\VS2010\TESTBED_2DOF\20150106_2DOF_PBIC_SF_PI\RELEASE\KSH_DLGBASE_GL.PDB
C:\DATA\PROGRAMMING_WORK\VS2010\TESTBED_2DOF\20150107_2DOF_PBIC_SF_PI\KSH_DLGBASE_GL\RELEASE\CONTROLS.OBJ
C:\DATA\PROGRAMMING_WORK\VS2010\TESTBED_2DOF\20150107_2DOF_PBIC_SF_PI\KSH_DLGBASE_GL\RELEASE\DLG_SETTING.OBJ
C:\DATA\PROGRAMMING_WORK\VS2010\TESTBED_2DOF\20150107_2DOF_PBIC_SF_PI\KSH_DLGBASE_GL\RELEASE\GRAPHICS.OBJ
C:\DATA\PROGRAMMING_WORK\VS2010\TESTBED_2DOF\20150107_2DOF_PBIC_SF_PI\KSH_DLGBASE_GL\RELEASE\HTHREAD.OBJ
C:\DATA\PROGRAMMING_WORK\VS2010\TESTBED_2DOF\20150107_2DOF_PBIC_SF_PI\KSH_DLGBASE_GL\RELEASE\KINEMATICS_2DOF.OBJ
C:\DATA\PROGRAMMING_WORK\VS2010\TESTBED_2DOF\20150107_2DOF_PBIC_SF_PI\KSH_DLGBASE_GL\RELEASE\KSH_DLGBASE_GL.EXE.INTERMEDIATE.MANIFEST
C:\DATA\PROGRAMMING_WORK\VS2010\TESTBED_2DOF\20150107_2DOF_PBIC_SF_PI\KSH_DLGBASE_GL\RELEASE\KSH_DLGBASE_GL.RES
C:\DATA\PROGRAMMING_WORK\VS2010\TESTBED_2DOF\20150107_2DOF_PBIC_SF_PI\KSH_DLGBASE_GL\RELEASE\KSH_FUNC.OBJ
C:\DATA\PROGRAMMING_WORK\VS2010\TESTBED_2DOF\20150107_2DOF_PBIC_SF_PI\KSH_DLGBASE_GL\RELEASE\KSHFONTGL.OBJ
C:\DATA\PROGRAMMING_WORK\VS2010\TESTBED_2DOF\20150107_2DOF_PBIC_SF_PI\KSH_DLGBASE_GL\RELEASE\KSHFPS.OBJ
C:\DATA\PROGRAMMING_WORK\VS2010\TESTBED_2DOF\20150107_2DOF_PBIC_SF_PI\KSH_DLGBASE_GL\RELEASE\KSHIMAGE.OBJ
C:\DATA\PROGRAMMING_WORK\VS2010\TESTBED_2DOF\20150107_2DOF_PBIC_SF_PI\KSH_DLGBASE_GL\RELEASE\KSHMENUGL.OBJ
C:\DATA\PROGRAMMING_WORK\VS2010\TESTBED_2DOF\20150107_2DOF_PBIC_SF_PI\KSH_DLGBASE_GL\RELEASE\KSHOPENGL.OBJ
C:\DATA\PROGRAMMING_WORK\VS2010\TESTBED_2DOF\20150107_2DOF_PBIC_SF_PI\KSH_DLGBASE_GL\RELEASE\KSHTEXTURE.OBJ
C:\DATA\PROGRAMMING_WORK\VS2010\TESTBED_2DOF\20150107_2DOF_PBIC_SF_PI\KSH_DLGBASE_GL\RELEASE\KSHVECTOR.OBJ
C:\DATA\PROGRAMMING_WORK\VS2010\TESTBED_2DOF\20150107_2DOF_PBIC_SF_PI\KSH_DLGBASE_GL\RELEASE\VC100.PDB
C:\DATA\PROGRAMMING_WORK\VS2010\TESTBED_2DOF\20150107_2DOF_PBIC_SF_PI\KSH_DLGBASE_GL\RELEASE\WINMAIN.OBJ
C:\DATA\PROGRAMMING_WORK\VS2010\TESTBED_2DOF\20150107_2DOF_PBIC_SF_PI\RELEASE\KSH_DLGBASE_GL.EXE
C:\DATA\PROGRAMMING_WORK\VS2010\TESTBED_2DOF\20150107_2DOF_PBIC_SF_PI\RELEASE\KSH_DLGBASE_GL.PDB
C:\DATA\PROGRAMMING_WORK\VS2010\TESTBED_2DOF\20150108_2DOF_PBIC_SF_PI\KSH_DLGBASE_GL\RELEASE\CONTROLS.OBJ
C:\DATA\PROGRAMMING_WORK\VS2010\TESTBED_2DOF\20150108_2DOF_PBIC_SF_PI\KSH_DLGBASE_GL\RELEASE\DATA_SAVE.OBJ
C:\DATA\PROGRAMMING_WORK\VS2010\TESTBED_2DOF\20150108_2DOF_PBIC_SF_PI\KSH_DLGBASE_GL\RELEASE\DLG_SETTING.OBJ
C:\DATA\PROGRAMMING_WORK\VS2010\TESTBED_2DOF\20150108_2DOF_PBIC_SF_PI\KSH_DLGBASE_GL\RELEASE\GRAPHICS.OBJ
C:\DATA\PROGRAMMING_WORK\VS2010\TESTBED_2DOF\20150108_2DOF_PBIC_SF_PI\KSH_DLGBASE_GL\RELEASE\HTHREAD.OBJ
C:\DATA\PROGRAMMING_WORK\VS2010\TESTBED_2DOF\20150108_2DOF_PBIC_SF_PI\KSH_DLGBASE_GL\RELEASE\KINEMATICS_2DOF.OBJ
C:\DATA\PROGRAMMING_WORK\VS2010\TESTBED_2DOF\20150108_2DOF_PBIC_SF_PI\KSH_DLGBASE_GL\RELEASE\KSH_DLGBASE_GL.EXE.INTERMEDIATE.MANIFEST
C:\DATA\PROGRAMMING_WORK\VS2010\TESTBED_2DOF\20150108_2DOF_PBIC_SF_PI\KSH_DLGBASE_GL\RELEASE\KSH_DLGBASE_GL.RES
C:\DATA\PROGRAMMING_WORK\VS2010\TESTBED_2DOF\20150108_2DOF_PBIC_SF_PI\KSH_DLGBASE_GL\RELEASE\KSH_FUNC.OBJ
C:\DATA\PROGRAMMING_WORK\VS2010\TESTBED_2DOF\20150108_2DOF_PBIC_SF_PI\KSH_DLGBASE_GL\RELEASE\KSHFONTGL.OBJ
C:\DATA\PROGRAMMING_WORK\VS2010\TESTBED_2DOF\20150108_2DOF_PBIC_SF_PI\KSH_DLGBASE_GL\RELEASE\KSHFPS.OBJ
C:\DATA\PROGRAMMING_WORK\VS2010\TESTBED_2DOF\20150108_2DOF_PBIC_SF_PI\KSH_DLGBASE_GL\RELEASE\KSHIMAGE.OBJ
C:\DATA\PROGRAMMING_WORK\VS2010\TESTBED_2DOF\20150108_2DOF_PBIC_SF_PI\KSH_DLGBASE_GL\RELEASE\KSHMENUGL.OBJ
C:\DATA\PROGRAMMING_WORK\VS2010\TESTBED_2DOF\20150108_2DOF_PBIC_SF_PI\KSH_DLGBASE_GL\RELEASE\KSHOPENGL.OBJ
C:\DATA\PROGRAMMING_WORK\VS2010\TESTBED_2DOF\20150108_2DOF_PBIC_SF_PI\KSH_DLGBASE_GL\RELEASE\KSHTEXTURE.OBJ
C:\DATA\PROGRAMMING_WORK\VS2010\TESTBED_2DOF\20150108_2DOF_PBIC_SF_PI\KSH_DLGBASE_GL\RELEASE\KSHVECTOR.OBJ
C:\DATA\PROGRAMMING_WORK\VS2010\TESTBED_2DOF\20150108_2DOF_PBIC_SF_PI\KSH_DLGBASE_GL\RELEASE\VC100.PDB
C:\DATA\PROGRAMMING_WORK\VS2010\TESTBED_2DOF\20150108_2DOF_PBIC_SF_PI\KSH_DLGBASE_GL\RELEASE\WINMAIN.OBJ
C:\DATA\PROGRAMMING_WORK\VS2010\TESTBED_2DOF\20150108_2DOF_PBIC_SF_PI\RELEASE\KSH_DLGBASE_GL.EXE
C:\DATA\PROGRAMMING_WORK\VS2010\TESTBED_2DOF\20150108_2DOF_PBIC_SF_PI\RELEASE\KSH_DLGBASE_GL.PDB
C:\DATA\PROGRAMMING_WORK\VS2010\TESTBED_2DOF\20150109_2DOF_PBIC_SF_PI\KSH_DLGBASE_GL\RELEASE\CONTROLS.OBJ
C:\DATA\PROGRAMMING_WORK\VS2010\TESTBED_2DOF\20150109_2DOF_PBIC_SF_PI\KSH_DLGBASE_GL\RELEASE\DATA_SAVE.OBJ
C:\DATA\PROGRAMMING_WORK\VS2010\TESTBED_2DOF\20150109_2DOF_PBIC_SF_PI\KSH_DLGBASE_GL\RELEASE\DLG_SETTING.OBJ
C:\DATA\PROGRAMMING_WORK\VS2010\TESTBED_2DOF\20150109_2DOF_PBIC_SF_PI\KSH_DLGBASE_GL\RELEASE\GRAPHICS.OBJ
C:\DATA\PROGRAMMING_WORK\VS2010\TESTBED_2DOF\20150109_2DOF_PBIC_SF_PI\KSH_DLGBASE_GL\RELEASE\HTHREAD.OBJ
C:\DATA\PROGRAMMING_WORK\VS2010\TESTBED_2DOF\20150109_2DOF_PBIC_SF_PI\KSH_DLGBASE_GL\RELEASE\KINEMATICS_2DOF.OBJ
C:\DATA\PROGRAMMING_WORK\VS2010\TESTBED_2DOF\20150109_2DOF_PBIC_SF_PI\KSH_DLGBASE_GL\RELEASE\KSH_DLGBASE_GL.EXE.INTERMEDIATE.MANIFEST
C:\DATA\PROGRAMMING_WORK\VS2010\TESTBED_2DOF\20150109_2DOF_PBIC_SF_PI\KSH_DLGBASE_GL\RELEASE\KSH_DLGBASE_GL.RES
C:\DATA\PROGRAMMING_WORK\VS2010\TESTBED_2DOF\20150109_2DOF_PBIC_SF_PI\KSH_DLGBASE_GL\RELEASE\KSH_FUNC.OBJ
C:\DATA\PROGRAMMING_WORK\VS2010\TESTBED_2DOF\20150109_2DOF_PBIC_SF_PI\KSH_DLGBASE_GL\RELEASE\KSHFONTGL.OBJ
C:\DATA\PROGRAMMING_WORK\VS2010\TESTBED_2DOF\20150109_2DOF_PBIC_SF_PI\KSH_DLGBASE_GL\RELEASE\KSHFPS.OBJ
C:\DATA\PROGRAMMING_WORK\VS2010\TESTBED_2DOF\20150109_2DOF_PBIC_SF_PI\KSH_DLGBASE_GL\RELEASE\KSHIMAGE.OBJ
C:\DATA\PROGRAMMING_WORK\VS2010\TESTBED_2DOF\20150109_2DOF_PBIC_SF_PI\KSH_DLGBASE_GL\RELEASE\KSHMENUGL.OBJ
C:\DATA\PROGRAMMING_WORK\VS2010\TESTBED_2DOF\20150109_2DOF_PBIC_SF_PI\KSH_DLGBASE_GL\RELEASE\KSHOPENGL.OBJ
C:\DATA\PROGRAMMING_WORK\VS2010\TESTBED_2DOF\20150109_2DOF_PBIC_SF_PI\KSH_DLGBASE_GL\RELEASE\KSHTEXTURE.OBJ
C:\DATA\PROGRAMMING_WORK\VS2010\TESTBED_2DOF\20150109_2DOF_PBIC_SF_PI\KSH_DLGBASE_GL\RELEASE\KSHVECTOR.OBJ
C:\DATA\PROGRAMMING_WORK\VS2010\TESTBED_2DOF\20150109_2DOF_PBIC_SF_PI\KSH_DLGBASE_GL\RELEASE\VC100.PDB
C:\DATA\PROGRAMMING_WORK\VS2010\TESTBED_2DOF\20150109_2DOF_PBIC_SF_PI\KSH_DLGBASE_GL\RELEASE\WINMAIN.OBJ
C:\DATA\PROGRAMMING_WORK\VS2010\TESTBED_2DOF\20150109_2DOF_PBIC_SF_PI\RELEASE\KSH_DLGBASE_GL.EXE
C:\DATA\PROGRAMMING_WORK\VS2010\TESTBED_2DOF\20150109_2DOF_PBIC_SF_PI\RELEASE\KSH_DLGBASE_GL.PDB
C:\DATA\PROGRAMMING_WORK\VS2010\TESTBED_2DOF\20150111_2DOF_PBIC_SF_PI\KSH_DLGBASE_GL\RELEASE\CONTROLS.OBJ
C:\DATA\PROGRAMMING_WORK\VS2010\TESTBED_2DOF\20150111_2DOF_PBIC_SF_PI\KSH_DLGBASE_GL\RELEASE\DATA_SAVE.OBJ
C:\DATA\PROGRAMMING_WORK\VS2010\TESTBED_2DOF\20150111_2DOF_PBIC_SF_PI\KSH_DLGBASE_GL\RELEASE\DLG_SETTING.OBJ
C:\DATA\PROGRAMMING_WORK\VS2010\TESTBED_2DOF\20150111_2DOF_PBIC_SF_PI\KSH_DLGBASE_GL\RELEASE\GRAPHICS.OBJ
C:\DATA\PROGRAMMING_WORK\VS2010\TESTBED_2DOF\20150111_2DOF_PBIC_SF_PI\KSH_DLGBASE_GL\RELEASE\HTHREAD.OBJ
C:\DATA\PROGRAMMING_WORK\VS2010\TESTBED_2DOF\20150111_2DOF_PBIC_SF_PI\KSH_DLGBASE_GL\RELEASE\KINEMATICS_2DOF.OBJ
C:\DATA\PROGRAMMING_WORK\VS2010\TESTBED_2DOF\20150111_2DOF_PBIC_SF_PI\KSH_DLGBASE_GL\RELEASE\KSH_DLGBASE_GL.EXE.INTERMEDIATE.MANIFEST
C:\DATA\PROGRAMMING_WORK\VS2010\TESTBED_2DOF\20150111_2DOF_PBIC_SF_PI\KSH_DLGBASE_GL\RELEASE\KSH_DLGBASE_GL.RES
C:\DATA\PROGRAMMING_WORK\VS2010\TESTBED_2DOF\20150111_2DOF_PBIC_SF_PI\KSH_DLGBASE_GL\RELEASE\KSH_FUNC.OBJ
C:\DATA\PROGRAMMING_WORK\VS2010\TESTBED_2DOF\20150111_2DOF_PBIC_SF_PI\KSH_DLGBASE_GL\RELEASE\KSHFONTGL.OBJ
C:\DATA\PROGRAMMING_WORK\VS2010\TESTBED_2DOF\20150111_2DOF_PBIC_SF_PI\KSH_DLGBASE_GL\RELEASE\KSHFPS.OBJ
C:\DATA\PROGRAMMING_WORK\VS2010\TESTBED_2DOF\20150111_2DOF_PBIC_SF_PI\KSH_DLGBASE_GL\RELEASE\KSHIMAGE.OBJ
C:\DATA\PROGRAMMING_WORK\VS2010\TESTBED_2DOF\20150111_2DOF_PBIC_SF_PI\KSH_DLGBASE_GL\RELEASE\KSHMENUGL.OBJ
C:\DATA\PROGRAMMING_WORK\VS2010\TESTBED_2DOF\20150111_2DOF_PBIC_SF_PI\KSH_DLGBASE_GL\RELEASE\KSHOPENGL.OBJ
C:\DATA\PROGRAMMING_WORK\VS2010\TESTBED_2DOF\20150111_2DOF_PBIC_SF_PI\KSH_DLGBASE_GL\RELEASE\KSHTEXTURE.OBJ
C:\DATA\PROGRAMMING_WORK\VS2010\TESTBED_2DOF\20150111_2DOF_PBIC_SF_PI\KSH_DLGBASE_GL\RELEASE\KSHVECTOR.OBJ
C:\DATA\PROGRAMMING_WORK\VS2010\TESTBED_2DOF\20150111_2DOF_PBIC_SF_PI\KSH_DLGBASE_GL\RELEASE\VC100.PDB
C:\DATA\PROGRAMMING_WORK\VS2010\TESTBED_2DOF\20150111_2DOF_PBIC_SF_PI\KSH_DLGBASE_GL\RELEASE\WINMAIN.OBJ
C:\DATA\PROGRAMMING_WORK\VS2010\TESTBED_2DOF\20150111_2DOF_PBIC_SF_PI\RELEASE\KSH_DLGBASE_GL.EXE
C:\DATA\PROGRAMMING_WORK\VS2010\TESTBED_2DOF\20150111_2DOF_PBIC_SF_PI\RELEASE\KSH_DLGBASE_GL.PDB
C:\DATA\PROGRAMMING_WORK\VS2010\TESTBED_2DOF\20150111_2DOF_PBIC_SF_PI_T2\KSH_DLGBASE_GL\RELEASE\CONTROLS.OBJ
C:\DATA\PROGRAMMING_WORK\VS2010\TESTBED_2DOF\20150111_2DOF_PBIC_SF_PI_T2\KSH_DLGBASE_GL\RELEASE\DATA_SAVE.OBJ
C:\DATA\PROGRAMMING_WORK\VS2010\TESTBED_2DOF\20150111_2DOF_PBIC_SF_PI_T2\KSH_DLGBASE_GL\RELEASE\DLG_SETTING.OBJ
C:\DATA\PROGRAMMING_WORK\VS2010\TESTBED_2DOF\20150111_2DOF_PBIC_SF_PI_T2\KSH_DLGBASE_GL\RELEASE\GRAPHICS.OBJ
C:\DATA\PROGRAMMING_WORK\VS2010\TESTBED_2DOF\20150111_2DOF_PBIC_SF_PI_T2\KSH_DLGBASE_GL\RELEASE\HTHREAD.OBJ
C:\DATA\PROGRAMMING_WORK\VS2010\TESTBED_2DOF\20150111_2DOF_PBIC_SF_PI_T2\KSH_DLGBASE_GL\RELEASE\KINEMATICS_2DOF.OBJ
C:\DATA\PROGRAMMING_WORK\VS2010\TESTBED_2DOF\20150111_2DOF_PBIC_SF_PI_T2\KSH_DLGBASE_GL\RELEASE\KSH_DLGBASE_GL.EXE.INTERMEDIATE.MANIFEST
C:\DATA\PROGRAMMING_WORK\VS2010\TESTBED_2DOF\20150111_2DOF_PBIC_SF_PI_T2\KSH_DLGBASE_GL\RELEASE\KSH_DLGBASE_GL.RES
C:\DATA\PROGRAMMING_WORK\VS2010\TESTBED_2DOF\20150111_2DOF_PBIC_SF_PI_T2\KSH_DLGBASE_GL\RELEASE\KSH_FUNC.OBJ
C:\DATA\PROGRAMMING_WORK\VS2010\TESTBED_2DOF\20150111_2DOF_PBIC_SF_PI_T2\KSH_DLGBASE_GL\RELEASE\KSHFONTGL.OBJ
C:\DATA\PROGRAMMING_WORK\VS2010\TESTBED_2DOF\20150111_2DOF_PBIC_SF_PI_T2\KSH_DLGBASE_GL\RELEASE\KSHFPS.OBJ
C:\DATA\PROGRAMMING_WORK\VS2010\TESTBED_2DOF\20150111_2DOF_PBIC_SF_PI_T2\KSH_DLGBASE_GL\RELEASE\KSHIMAGE.OBJ
C:\DATA\PROGRAMMING_WORK\VS2010\TESTBED_2DOF\20150111_2DOF_PBIC_SF_PI_T2\KSH_DLGBASE_GL\RELEASE\KSHMENUGL.OBJ
C:\DATA\PROGRAMMING_WORK\VS2010\TESTBED_2DOF\20150111_2DOF_PBIC_SF_PI_T2\KSH_DLGBASE_GL\RELEASE\KSHOPENGL.OBJ
C:\DATA\PROGRAMMING_WORK\VS2010\TESTBED_2DOF\20150111_2DOF_PBIC_SF_PI_T2\KSH_DLGBASE_GL\RELEASE\KSHTEXTURE.OBJ
C:\DATA\PROGRAMMING_WORK\VS2010\TESTBED_2DOF\20150111_2DOF_PBIC_SF_PI_T2\KSH_DLGBASE_GL\RELEASE\KSHVECTOR.OBJ
C:\DATA\PROGRAMMING_WORK\VS2010\TESTBED_2DOF\20150111_2DOF_PBIC_SF_PI_T2\KSH_DLGBASE_GL\RELEASE\VC100.PDB
C:\DATA\PROGRAMMING_WORK\VS2010\TESTBED_2DOF\20150111_2DOF_PBIC_SF_PI_T2\KSH_DLGBASE_GL\RELEASE\WINMAIN.OBJ
C:\DATA\PROGRAMMING_WORK\VS2010\TESTBED_2DOF\20150111_2DOF_PBIC_SF_PI_T2\RELEASE\KSH_DLGBASE_GL.EXE
C:\DATA\PROGRAMMING_WORK\VS2010\TESTBED_2DOF\20150111_2DOF_PBIC_SF_PI_T2\RELEASE\KSH_DLGBASE_GL.PDB
C:\DATA\PROGRAMMING_WORK\VS2010\TESTBED_2DOF\20150112_2DOF_PBIC_SF_PI_T4\KSH_DLGBASE_GL\RELEASE\CONTROLS.OBJ
C:\DATA\PROGRAMMING_WORK\VS2010\TESTBED_2DOF\20150112_2DOF_PBIC_SF_PI_T4\KSH_DLGBASE_GL\RELEASE\DATA_SAVE.OBJ
C:\DATA\PROGRAMMING_WORK\VS2010\TESTBED_2DOF\20150112_2DOF_PBIC_SF_PI_T4\KSH_DLGBASE_GL\RELEASE\DLG_SETTING.OBJ
C:\DATA\PROGRAMMING_WORK\VS2010\TESTBED_2DOF\20150112_2DOF_PBIC_SF_PI_T4\KSH_DLGBASE_GL\RELEASE\GRAPHICS.OBJ
C:\DATA\PROGRAMMING_WORK\VS2010\TESTBED_2DOF\20150112_2DOF_PBIC_SF_PI_T4\KSH_DLGBASE_GL\RELEASE\HTHREAD.OBJ
C:\DATA\PROGRAMMING_WORK\VS2010\TESTBED_2DOF\20150112_2DOF_PBIC_SF_PI_T4\KSH_DLGBASE_GL\RELEASE\KINEMATICS_2DOF.OBJ
C:\DATA\PROGRAMMING_WORK\VS2010\TESTBED_2DOF\20150112_2DOF_PBIC_SF_PI_T4\KSH_DLGBASE_GL\RELEASE\KSH_DLGBASE_GL.EXE.INTERMEDIATE.MANIFEST
C:\DATA\PROGRAMMING_WORK\VS2010\TESTBED_2DOF\20150112_2DOF_PBIC_SF_PI_T4\KSH_DLGBASE_GL\RELEASE\KSH_DLGBASE_GL.RES
C:\DATA\PROGRAMMING_WORK\VS2010\TESTBED_2DOF\20150112_2DOF_PBIC_SF_PI_T4\KSH_DLGBASE_GL\RELEASE\KSH_FUNC.OBJ
C:\DATA\PROGRAMMING_WORK\VS2010\TESTBED_2DOF\20150112_2DOF_PBIC_SF_PI_T4\KSH_DLGBASE_GL\RELEASE\KSHFONTGL.OBJ
C:\DATA\PROGRAMMING_WORK\VS2010\TESTBED_2DOF\20150112_2DOF_PBIC_SF_PI_T4\KSH_DLGBASE_GL\RELEASE\KSHFPS.OBJ
C:\DATA\PROGRAMMING_WORK\VS2010\TESTBED_2DOF\20150112_2DOF_PBIC_SF_PI_T4\KSH_DLGBASE_GL\RELEASE\KSHIMAGE.OBJ
C:\DATA\PROGRAMMING_WORK\VS2010\TESTBED_2DOF\20150112_2DOF_PBIC_SF_PI_T4\KSH_DLGBASE_GL\RELEASE\KSHMENUGL.OBJ
C:\DATA\PROGRAMMING_WORK\VS2010\TESTBED_2DOF\20150112_2DOF_PBIC_SF_PI_T4\KSH_DLGBASE_GL\RELEASE\KSHOPENGL.OBJ
C:\DATA\PROGRAMMING_WORK\VS2010\TESTBED_2DOF\20150112_2DOF_PBIC_SF_PI_T4\KSH_DLGBASE_GL\RELEASE\KSHTEXTURE.OBJ
C:\DATA\PROGRAMMING_WORK\VS2010\TESTBED_2DOF\20150112_2DOF_PBIC_SF_PI_T4\KSH_DLGBASE_GL\RELEASE\KSHVECTOR.OBJ
C:\DATA\PROGRAMMING_WORK\VS2010\TESTBED_2DOF\20150112_2DOF_PBIC_SF_PI_T4\KSH_DLGBASE_GL\RELEASE\VC100.PDB
C:\DATA\PROGRAMMING_WORK\VS2010\TESTBED_2DOF\20150112_2DOF_PBIC_SF_PI_T4\KSH_DLGBASE_GL\RELEASE\WINMAIN.OBJ
C:\DATA\PROGRAMMING_WORK\VS2010\TESTBED_2DOF\20150112_2DOF_PBIC_SF_PI_T4\RELEASE\KSH_DLGBASE_GL.EXE
C:\DATA\PROGRAMMING_WORK\VS2010\TESTBED_2DOF\20150112_2DOF_PBIC_SF_PI_T4\RELEASE\KSH_DLGBASE_GL.PDB
C:\HR_USER\SEHUN\PROGRAMMING_WORK\VS2010\SF-PI\20150109_2DOF_PBIC_SF_PI\KSH_DLGBASE_GL\RELEASE\CONTROLS.OBJ
C:\HR_USER\SEHUN\PROGRAMMING_WORK\VS2010\SF-PI\20150109_2DOF_PBIC_SF_PI\KSH_DLGBASE_GL\RELEASE\DATA_SAVE.OBJ
C:\HR_USER\SEHUN\PROGRAMMING_WORK\VS2010\SF-PI\20150109_2DOF_PBIC_SF_PI\KSH_DLGBASE_GL\RELEASE\DLG_SETTING.OBJ
C:\HR_USER\SEHUN\PROGRAMMING_WORK\VS2010\SF-PI\20150109_2DOF_PBIC_SF_PI\KSH_DLGBASE_GL\RELEASE\GRAPHICS.OBJ
C:\HR_USER\SEHUN\PROGRAMMING_WORK\VS2010\SF-PI\20150109_2DOF_PBIC_SF_PI\KSH_DLGBASE_GL\RELEASE\HTHREAD.OBJ
C:\HR_USER\SEHUN\PROGRAMMING_WORK\VS2010\SF-PI\20150109_2DOF_PBIC_SF_PI\KSH_DLGBASE_GL\RELEASE\KINEMATICS_2DOF.OBJ
C:\HR_USER\SEHUN\PROGRAMMING_WORK\VS2010\SF-PI\20150109_2DOF_PBIC_SF_PI\KSH_DLGBASE_GL\RELEASE\KSH_DLGBASE_GL.EXE.INTERMEDIATE.MANIFEST
C:\HR_USER\SEHUN\PROGRAMMING_WORK\VS2010\SF-PI\20150109_2DOF_PBIC_SF_PI\KSH_DLGBASE_GL\RELEASE\KSH_DLGBASE_GL.RES
C:\HR_USER\SEHUN\PROGRAMMING_WORK\VS2010\SF-PI\20150109_2DOF_PBIC_SF_PI\KSH_DLGBASE_GL\RELEASE\KSH_FUNC.OBJ
C:\HR_USER\SEHUN\PROGRAMMING_WORK\VS2010\SF-PI\20150109_2DOF_PBIC_SF_PI\KSH_DLGBASE_GL\RELEASE\KSHFONTGL.OBJ
C:\HR_USER\SEHUN\PROGRAMMING_WORK\VS2010\SF-PI\20150109_2DOF_PBIC_SF_PI\KSH_DLGBASE_GL\RELEASE\KSHFPS.OBJ
C:\HR_USER\SEHUN\PROGRAMMING_WORK\VS2010\SF-PI\20150109_2DOF_PBIC_SF_PI\KSH_DLGBASE_GL\RELEASE\KSHIMAGE.OBJ
C:\HR_USER\SEHUN\PROGRAMMING_WORK\VS2010\SF-PI\20150109_2DOF_PBIC_SF_PI\KSH_DLGBASE_GL\RELEASE\KSHMENUGL.OBJ
C:\HR_USER\SEHUN\PROGRAMMING_WORK\VS2010\SF-PI\20150109_2DOF_PBIC_SF_PI\KSH_DLGBASE_GL\RELEASE\KSHOPENGL.OBJ
C:\HR_USER\SEHUN\PROGRAMMING_WORK\VS2010\SF-PI\20150109_2DOF_PBIC_SF_PI\KSH_DLGBASE_GL\RELEASE\KSHTEXTURE.OBJ
C:\HR_USER\SEHUN\PROGRAMMING_WORK\VS2010\SF-PI\20150109_2DOF_PBIC_SF_PI\KSH_DLGBASE_GL\RELEASE\KSHVECTOR.OBJ
C:\HR_USER\SEHUN\PROGRAMMING_WORK\VS2010\SF-PI\20150109_2DOF_PBIC_SF_PI\KSH_DLGBASE_GL\RELEASE\VC100.PDB
C:\HR_USER\SEHUN\PROGRAMMING_WORK\VS2010\SF-PI\20150109_2DOF_PBIC_SF_PI\KSH_DLGBASE_GL\RELEASE\WINMAIN.OBJ
C:\HR_USER\SEHUN\PROGRAMMING_WORK\VS2010\SF-PI\20150109_2DOF_PBIC_SF_PI\RELEASE\KSH_DLGBASE_GL.EXE
C:\HR_USER\SEHUN\PROGRAMMING_WORK\VS2010\SF-PI\20150109_2DOF_PBIC_SF_PI\RELEASE\KSH_DLGBASE_GL.PDB
C:\HR_USER\SEHUN\PROGRAMMING_WORK\VS2010\SF-PI\20150111_2DOF_PBIC_SF_PI_T1\KSH_DLGBASE_GL\RELEASE\CONTROLS.OBJ
C:\HR_USER\SEHUN\PROGRAMMING_WORK\VS2010\SF-PI\20150111_2DOF_PBIC_SF_PI_T1\KSH_DLGBASE_GL\RELEASE\DATA_SAVE.OBJ
C:\HR_USER\SEHUN\PROGRAMMING_WORK\VS2010\SF-PI\20150111_2DOF_PBIC_SF_PI_T1\KSH_DLGBASE_GL\RELEASE\DLG_SETTING.OBJ
C:\HR_USER\SEHUN\PROGRAMMING_WORK\VS2010\SF-PI\20150111_2DOF_PBIC_SF_PI_T1\KSH_DLGBASE_GL\RELEASE\GRAPHICS.OBJ
C:\HR_USER\SEHUN\PROGRAMMING_WORK\VS2010\SF-PI\20150111_2DOF_PBIC_SF_PI_T1\KSH_DLGBASE_GL\RELEASE\HTHREAD.OBJ
C:\HR_USER\SEHUN\PROGRAMMING_WORK\VS2010\SF-PI\20150111_2DOF_PBIC_SF_PI_T1\KSH_DLGBASE_GL\RELEASE\KINEMATICS_2DOF.OBJ
C:\HR_USER\SEHUN\PROGRAMMING_WORK\VS2010\SF-PI\20150111_2DOF_PBIC_SF_PI_T1\KSH_DLGBASE_GL\RELEASE\KSH_DLGBASE_GL.EXE.INTERMEDIATE.MANIFEST
C:\HR_USER\SEHUN\PROGRAMMING_WORK\VS2010\SF-PI\20150111_2DOF_PBIC_SF_PI_T1\KSH_DLGBASE_GL\RELEASE\KSH_DLGBASE_GL.RES
C:\HR_USER\SEHUN\PROGRAMMING_WORK\VS2010\SF-PI\20150111_2DOF_PBIC_SF_PI_T1\KSH_DLGBASE_GL\RELEASE\KSH_FUNC.OBJ
C:\HR_USER\SEHUN\PROGRAMMING_WORK\VS2010\SF-PI\20150111_2DOF_PBIC_SF_PI_T1\KSH_DLGBASE_GL\RELEASE\KSHFONTGL.OBJ
C:\HR_USER\SEHUN\PROGRAMMING_WORK\VS2010\SF-PI\20150111_2DOF_PBIC_SF_PI_T1\KSH_DLGBASE_GL\RELEASE\KSHFPS.OBJ
C:\HR_USER\SEHUN\PROGRAMMING_WORK\VS2010\SF-PI\20150111_2DOF_PBIC_SF_PI_T1\KSH_DLGBASE_GL\RELEASE\KSHIMAGE.OBJ
C:\HR_USER\SEHUN\PROGRAMMING_WORK\VS2010\SF-PI\20150111_2DOF_PBIC_SF_PI_T1\KSH_DLGBASE_GL\RELEASE\KSHMENUGL.OBJ
C:\HR_USER\SEHUN\PROGRAMMING_WORK\VS2010\SF-PI\20150111_2DOF_PBIC_SF_PI_T1\KSH_DLGBASE_GL\RELEASE\KSHOPENGL.OBJ
C:\HR_USER\SEHUN\PROGRAMMING_WORK\VS2010\SF-PI\20150111_2DOF_PBIC_SF_PI_T1\KSH_DLGBASE_GL\RELEASE\KSHTEXTURE.OBJ
C:\HR_USER\SEHUN\PROGRAMMING_WORK\VS2010\SF-PI\20150111_2DOF_PBIC_SF_PI_T1\KSH_DLGBASE_GL\RELEASE\KSHVECTOR.OBJ
C:\HR_USER\SEHUN\PROGRAMMING_WORK\VS2010\SF-PI\20150111_2DOF_PBIC_SF_PI_T1\KSH_DLGBASE_GL\RELEASE\VC100.PDB
C:\HR_USER\SEHUN\PROGRAMMING_WORK\VS2010\SF-PI\20150111_2DOF_PBIC_SF_PI_T1\KSH_DLGBASE_GL\RELEASE\WINMAIN.OBJ
C:\HR_USER\SEHUN\PROGRAMMING_WORK\VS2010\SF-PI\20150111_2DOF_PBIC_SF_PI_T1\RELEASE\KSH_DLGBASE_GL.EXE
C:\HR_USER\SEHUN\PROGRAMMING_WORK\VS2010\SF-PI\20150111_2DOF_PBIC_SF_PI_T1\RELEASE\KSH_DLGBASE_GL.PDB
C:\HR_USER\SEHUN\PROGRAMMING_WORK\VS2010\SF-PI\20150111_2DOF_PBIC_SF_PI_T3\KSH_DLGBASE_GL\RELEASE\CONTROLS.OBJ
C:\HR_USER\SEHUN\PROGRAMMING_WORK\VS2010\SF-PI\20150111_2DOF_PBIC_SF_PI_T3\KSH_DLGBASE_GL\RELEASE\DATA_SAVE.OBJ
C:\HR_USER\SEHUN\PROGRAMMING_WORK\VS2010\SF-PI\20150111_2DOF_PBIC_SF_PI_T3\KSH_DLGBASE_GL\RELEASE\DLG_SETTING.OBJ
C:\HR_USER\SEHUN\PROGRAMMING_WORK\VS2010\SF-PI\20150111_2DOF_PBIC_SF_PI_T3\KSH_DLGBASE_GL\RELEASE\GRAPHICS.OBJ
C:\HR_USER\SEHUN\PROGRAMMING_WORK\VS2010\SF-PI\20150111_2DOF_PBIC_SF_PI_T3\KSH_DLGBASE_GL\RELEASE\HTHREAD.OBJ
C:\HR_USER\SEHUN\PROGRAMMING_WORK\VS2010\SF-PI\20150111_2DOF_PBIC_SF_PI_T3\KSH_DLGBASE_GL\RELEASE\KINEMATICS_2DOF.OBJ
C:\HR_USER\SEHUN\PROGRAMMING_WORK\VS2010\SF-PI\20150111_2DOF_PBIC_SF_PI_T3\KSH_DLGBASE_GL\RELEASE\KSH_DLGBASE_GL.EXE.INTERMEDIATE.MANIFEST
C:\HR_USER\SEHUN\PROGRAMMING_WORK\VS2010\SF-PI\20150111_2DOF_PBIC_SF_PI_T3\KSH_DLGBASE_GL\RELEASE\KSH_DLGBASE_GL.RES
C:\HR_USER\SEHUN\PROGRAMMING_WORK\VS2010\SF-PI\20150111_2DOF_PBIC_SF_PI_T3\KSH_DLGBASE_GL\RELEASE\KSH_FUNC.OBJ
C:\HR_USER\SEHUN\PROGRAMMING_WORK\VS2010\SF-PI\20150111_2DOF_PBIC_SF_PI_T3\KSH_DLGBASE_GL\RELEASE\KSHFONTGL.OBJ
C:\HR_USER\SEHUN\PROGRAMMING_WORK\VS2010\SF-PI\20150111_2DOF_PBIC_SF_PI_T3\KSH_DLGBASE_GL\RELEASE\KSHFPS.OBJ
C:\HR_USER\SEHUN\PROGRAMMING_WORK\VS2010\SF-PI\20150111_2DOF_PBIC_SF_PI_T3\KSH_DLGBASE_GL\RELEASE\KSHIMAGE.OBJ
C:\HR_USER\SEHUN\PROGRAMMING_WORK\VS2010\SF-PI\20150111_2DOF_PBIC_SF_PI_T3\KSH_DLGBASE_GL\RELEASE\KSHMENUGL.OBJ
C:\HR_USER\SEHUN\PROGRAMMING_WORK\VS2010\SF-PI\20150111_2DOF_PBIC_SF_PI_T3\KSH_DLGBASE_GL\RELEASE\KSHOPENGL.OBJ
C:\HR_USER\SEHUN\PROGRAMMING_WORK\VS2010\SF-PI\20150111_2DOF_PBIC_SF_PI_T3\KSH_DLGBASE_GL\RELEASE\KSHTEXTURE.OBJ
C:\HR_USER\SEHUN\PROGRAMMING_WORK\VS2010\SF-PI\20150111_2DOF_PBIC_SF_PI_T3\KSH_DLGBASE_GL\RELEASE\KSHVECTOR.OBJ
C:\HR_USER\SEHUN\PROGRAMMING_WORK\VS2010\SF-PI\20150111_2DOF_PBIC_SF_PI_T3\KSH_DLGBASE_GL\RELEASE\VC100.PDB
C:\HR_USER\SEHUN\PROGRAMMING_WORK\VS2010\SF-PI\20150111_2DOF_PBIC_SF_PI_T3\KSH_DLGBASE_GL\RELEASE\WINMAIN.OBJ
C:\HR_USER\SEHUN\PROGRAMMING_WORK\VS2010\SF-PI\20150111_2DOF_PBIC_SF_PI_T3\RELEASE\KSH_DLGBASE_GL.EXE
C:\HR_USER\SEHUN\PROGRAMMING_WORK\VS2010\SF-PI\20150111_2DOF_PBIC_SF_PI_T3\RELEASE\KSH_DLGBASE_GL.PDB
C:\Users\Human Robotics\Desktop\Final_DSP_Pgm\ksh_DlgBase_GL_Ver_1_01_20150828_HapticDevice_Project_SCI_rev16\ksh_DlgBase_GL\Release\cl.command.1.tlog
C:\Users\Human Robotics\Desktop\Final_DSP_Pgm\ksh_DlgBase_GL_Ver_1_01_20150828_HapticDevice_Project_SCI_rev16\ksh_DlgBase_GL\Release\CL.read.1.tlog
C:\Users\Human Robotics\Desktop\Final_DSP_Pgm\ksh_DlgBase_GL_Ver_1_01_20150828_HapticDevice_Project_SCI_rev16\ksh_DlgBase_GL\Release\CL.write.1.tlog
C:\USERS\HUMAN ROBOTICS\DESKTOP\FINAL_DSP_PGM\KSH_DLGBASE_GL_VER_1_01_20150828_HAPTICDEVICE_PROJECT_SCI_REV16\KSH_DLGBASE_GL\RELEASE\COMMTHREAD.OBJ
C:\USERS\HUMAN ROBOTICS\DESKTOP\FINAL_DSP_PGM\KSH_DLGBASE_GL_VER_1_01_20150828_HAPTICDEVICE_PROJECT_SCI_REV16\KSH_DLGBASE_GL\RELEASE\CONTROLS.OBJ
C:\USERS\HUMAN ROBOTICS\DESKTOP\FINAL_DSP_PGM\KSH_DLGBASE_GL_VER_1_01_20150828_HAPTICDEVICE_PROJECT_SCI_REV16\KSH_DLGBASE_GL\RELEASE\DATA_SAVE.OBJ
C:\Users\Human Robotics\Desktop\Final_DSP_Pgm\ksh_DlgBase_GL_Ver_1_01_20150828_HapticDevice_Project_SCI_rev16\ksh_DlgBase_GL\Release\Dlg_Setting.obj
C:\USERS\HUMAN ROBOTICS\DESKTOP\FINAL_DSP_PGM\KSH_DLGBASE_GL_VER_1_01_20150828_HAPTICDEVICE_PROJECT_SCI_REV16\KSH_DLGBASE_GL\RELEASE\GRAPHICS.OBJ
C:\USERS\HUMAN ROBOTICS\DESKTOP\FINAL_DSP_PGM\KSH_DLGBASE_GL_VER_1_01_20150828_HAPTICDEVICE_PROJECT_SCI_REV16\KSH_DLGBASE_GL\RELEASE\HTHREAD.OBJ
C:\Users\Human Robotics\Desktop\Final_DSP_Pgm\ksh_DlgBase_GL_Ver_1_01_20150828_HapticDevice_Project_SCI_rev16\ksh_DlgBase_GL\Release\Kinematics_2DOF.obj
C:\Users\Human Robotics\Desktop\Final_DSP_Pgm\ksh_DlgBase_GL_Ver_1_01_20150828_HapticDevice_Project_SCI_rev16\ksh_DlgBase_GL\Release\ksh_DlgBase_GL.exe.intermediate.manifest
C:\USERS\HUMAN ROBOTICS\DESKTOP\FINAL_DSP_PGM\KSH_DLGBASE_GL_VER_1_01_20150828_HAPTICDEVICE_PROJECT_SCI_REV16\KSH_DLGBASE_GL\RELEASE\KSH_DLGBASE_GL.RES
C:\Users\Human Robotics\Desktop\Final_DSP_Pgm\ksh_DlgBase_GL_Ver_1_01_20150828_HapticDevice_Project_SCI_rev16\ksh_DlgBase_GL\Release\ksh_DlgBase_GL.vcxprojResolveAssemblyReference.cache
C:\Users\Human Robotics\Desktop\Final_DSP_Pgm\ksh_DlgBase_GL_Ver_1_01_20150828_HapticDevice_Project_SCI_rev16\ksh_DlgBase_GL\Release\ksh_DlgBase_GL.write.1.tlog
C:\USERS\HUMAN ROBOTICS\DESKTOP\FINAL_DSP_PGM\KSH_DLGBASE_GL_VER_1_01_20150828_HAPTICDEVICE_PROJECT_SCI_REV16\KSH_DLGBASE_GL\RELEASE\KSH_FUNC.OBJ
C:\USERS\HUMAN ROBOTICS\DESKTOP\FINAL_DSP_PGM\KSH_DLGBASE_GL_VER_1_01_20150828_HAPTICDEVICE_PROJECT_SCI_REV16\KSH_DLGBASE_GL\RELEASE\KSH_HAPTICMASTER_PROJ.EXE.INTERMEDIATE.MANIFEST
C:\Users\Human Robotics\Desktop\Final_DSP_Pgm\ksh_DlgBase_GL_Ver_1_01_20150828_HapticDevice_Project_SCI_rev16\ksh_DlgBase_GL\Release\ksh_HapticMaster_Proj.write.1.tlog
C:\USERS\HUMAN ROBOTICS\DESKTOP\FINAL_DSP_PGM\KSH_DLGBASE_GL_VER_1_01_20150828_HAPTICDEVICE_PROJECT_SCI_REV16\KSH_DLGBASE_GL\RELEASE\KSHFONTGL.OBJ
C:\USERS\HUMAN ROBOTICS\DESKTOP\FINAL_DSP_PGM\KSH_DLGBASE_GL_VER_1_01_20150828_HAPTICDEVICE_PROJECT_SCI_REV16\KSH_DLGBASE_GL\RELEASE\KSHFPS.OBJ
C:\USERS\HUMAN ROBOTICS\DESKTOP\FINAL_DSP_PGM\KSH_DLGBASE_GL_VER_1_01_20150828_HAPTICDEVICE_PROJECT_SCI_REV16\KSH_DLGBASE_GL\RELEASE\KSHIMAGE.OBJ
C:\USERS\HUMAN ROBOTICS\DESKTOP\FINAL_DSP_PGM\KSH_DLGBASE_GL_VER_1_01_20150828_HAPTICDEVICE_PROJECT_SCI_REV16\KSH_DLGBASE_GL\RELEASE\KSHMENUGL.OBJ
C:\USERS\HUMAN ROBOTICS\DESKTOP\FINAL_DSP_PGM\KSH_DLGBASE_GL_VER_1_01_20150828_HAPTICDEVICE_PROJECT_SCI_REV16\KSH_DLGBASE_GL\RELEASE\KSHOPENGL.OBJ
C:\USERS\HUMAN ROBOTICS\DESKTOP\FINAL_DSP_PGM\KSH_DLGBASE_GL_VER_1_01_20150828_HAPTICDEVICE_PROJECT_SCI_REV16\KSH_DLGBASE_GL\RELEASE\KSHTEXTURE.OBJ
C:\USERS\HUMAN ROBOTICS\DESKTOP\FINAL_DSP_PGM\KSH_DLGBASE_GL_VER_1_01_20150828_HAPTICDEVICE_PROJECT_SCI_REV16\KSH_DLGBASE_GL\RELEASE\KSHVECTOR.OBJ
C:\Users\Human Robotics\Desktop\Final_DSP_Pgm\ksh_DlgBase_GL_Ver_1_01_20150828_HapticDevice_Project_SCI_rev16\ksh_DlgBase_GL\Release\link.command.1.tlog
C:\Users\Human Robotics\Desktop\Final_DSP_Pgm\ksh_DlgBase_GL_Ver_1_01_20150828_HapticDevice_Project_SCI_rev16\ksh_DlgBase_GL\Release\link.read.1.tlog
C:\Users\Human Robotics\Desktop\Final_DSP_Pgm\ksh_DlgBase_GL_Ver_1_01_20150828_HapticDevice_Project_SCI_rev16\ksh_DlgBase_GL\Release\link.write.1.tlog
C:\Users\Human Robotics\Desktop\Final_DSP_Pgm\ksh_DlgBase_GL_Ver_1_01_20150828_HapticDevice_Project_SCI_rev16\ksh_DlgBase_GL\Release\link-cvtres.read.1.tlog
C:\Users\Human Robotics\Desktop\Final_DSP_Pgm\ksh_DlgBase_GL_Ver_1_01_20150828_HapticDevice_Project_SCI_rev16\ksh_DlgBase_GL\Release\link-cvtres.write.1.tlog
C:\Users\Human Robotics\Desktop\Final_DSP_Pgm\ksh_DlgBase_GL_Ver_1_01_20150828_HapticDevice_Project_SCI_rev16\ksh_DlgBase_GL\Release\mt.command.1.tlog
C:\Users\Human Robotics\Desktop\Final_DSP_Pgm\ksh_DlgBase_GL_Ver_1_01_20150828_HapticDevice_Project_SCI_rev16\ksh_DlgBase_GL\Release\mt.read.1.tlog
C:\Users\Human Robotics\Desktop\Final_DSP_Pgm\ksh_DlgBase_GL_Ver_1_01_20150828_HapticDevice_Project_SCI_rev16\ksh_DlgBase_GL\Release\mt.write.1.tlog
C:\Users\Human Robotics\Desktop\Final_DSP_Pgm\ksh_DlgBase_GL_Ver_1_01_20150828_HapticDevice_Project_SCI_rev16\ksh_DlgBase_GL\Release\rc.command.1.tlog
C:\Users\Human Robotics\Desktop\Final_DSP_Pgm\ksh_DlgBase_GL_Ver_1_01_20150828_HapticDevice_Project_SCI_rev16\ksh_DlgBase_GL\Release\rc.read.1.tlog
C:\Users\Human Robotics\Desktop\Final_DSP_Pgm\ksh_DlgBase_GL_Ver_1_01_20150828_HapticDevice_Project_SCI_rev16\ksh_DlgBase_GL\Release\rc.write.1.tlog
C:\USERS\HUMAN ROBOTICS\DESKTOP\FINAL_DSP_PGM\KSH_DLGBASE_GL_VER_1_01_20150828_HAPTICDEVICE_PROJECT_SCI_REV16\KSH_DLGBASE_GL\RELEASE\SERIALPORT.OBJ
C:\USERS\HUMAN ROBOTICS\DESKTOP\FINAL_DSP_PGM\KSH_DLGBASE_GL_VER_1_01_20150828_HAPTICDEVICE_PROJECT_SCI_REV16\KSH_DLGBASE_GL\RELEASE\STDAFX.OBJ
C:\USERS\HUMAN ROBOTICS\DESKTOP\FINAL_DSP_PGM\KSH_DLGBASE_GL_VER_1_01_20150828_HAPTICDEVICE_PROJECT_SCI_REV16\KSH_DLGBASE_GL\RELEASE\VC100.PDB
C:\USERS\HUMAN ROBOTICS\DESKTOP\FINAL_DSP_PGM\KSH_DLGBASE_GL_VER_1_01_20150828_HAPTICDEVICE_PROJECT_SCI_REV16\KSH_DLGBASE_GL\RELEASE\WINMAIN.OBJ
C:\USERS\HUMAN ROBOTICS\DESKTOP\FINAL_DSP_PGM\KSH_DLGBASE_GL_VER_1_01_20150828_HAPTICDEVICE_PROJECT_SCI_REV16\RELEASE\KSH_HAPTICMASTER_PROJ.EXE
C:\USERS\HUMAN ROBOTICS\DESKTOP\FINAL_DSP_PGM\KSH_DLGBASE_GL_VER_1_01_20150828_HAPTICDEVICE_PROJECT_SCI_REV16\RELEASE\KSH_HAPTICMASTER_PROJ.PDB
F:\FINAL_DSP_PGM\KSH_DLGBASE_GL_VER_1_01_20150828_HAPTICDEVICE_PROJECT_SCI_REV16\KSH_DLGBASE_GL\RELEASE\COMMTHREAD.OBJ
F:\FINAL_DSP_PGM\KSH_DLGBASE_GL_VER_1_01_20150828_HAPTICDEVICE_PROJECT_SCI_REV16\KSH_DLGBASE_GL\RELEASE\CONTROLS.OBJ
F:\FINAL_DSP_PGM\KSH_DLGBASE_GL_VER_1_01_20150828_HAPTICDEVICE_PROJECT_SCI_REV16\KSH_DLGBASE_GL\RELEASE\DATA_SAVE.OBJ
F:\FINAL_DSP_PGM\KSH_DLGBASE_GL_VER_1_01_20150828_HAPTICDEVICE_PROJECT_SCI_REV16\KSH_DLGBASE_GL\RELEASE\GRAPHICS.OBJ
F:\FINAL_DSP_PGM\KSH_DLGBASE_GL_VER_1_01_20150828_HAPTICDEVICE_PROJECT_SCI_REV16\KSH_DLGBASE_GL\RELEASE\HTHREAD.OBJ
F:\FINAL_DSP_PGM\KSH_DLGBASE_GL_VER_1_01_20150828_HAPTICDEVICE_PROJECT_SCI_REV16\KSH_DLGBASE_GL\RELEASE\KSH_DLGBASE_GL.RES
F:\FINAL_DSP_PGM\KSH_DLGBASE_GL_VER_1_01_20150828_HAPTICDEVICE_PROJECT_SCI_REV16\KSH_DLGBASE_GL\RELEASE\KSH_FUNC.OBJ
F:\FINAL_DSP_PGM\KSH_DLGBASE_GL_VER_1_01_20150828_HAPTICDEVICE_PROJECT_SCI_REV16\KSH_DLGBASE_GL\RELEASE\KSH_HAPTICMASTER_PROJ.EXE.INTERMEDIATE.MANIFEST
F:\FINAL_DSP_PGM\KSH_DLGBASE_GL_VER_1_01_20150828_HAPTICDEVICE_PROJECT_SCI_REV16\KSH_DLGBASE_GL\RELEASE\KSHFONTGL.OBJ
F:\FINAL_DSP_PGM\KSH_DLGBASE_GL_VER_1_01_20150828_HAPTICDEVICE_PROJECT_SCI_REV16\KSH_DLGBASE_GL\RELEASE\KSHFPS.OBJ
F:\FINAL_DSP_PGM\KSH_DLGBASE_GL_VER_1_01_20150828_HAPTICDEVICE_PROJECT_SCI_REV16\KSH_DLGBASE_GL\RELEASE\KSHIMAGE.OBJ
F:\FINAL_DSP_PGM\KSH_DLGBASE_GL_VER_1_01_20150828_HAPTICDEVICE_PROJECT_SCI_REV16\KSH_DLGBASE_GL\RELEASE\KSHMENUGL.OBJ
F:\FINAL_DSP_PGM\KSH_DLGBASE_GL_VER_1_01_20150828_HAPTICDEVICE_PROJECT_SCI_REV16\KSH_DLGBASE_GL\RELEASE\KSHOPENGL.OBJ
F:\FINAL_DSP_PGM\KSH_DLGBASE_GL_VER_1_01_20150828_HAPTICDEVICE_PROJECT_SCI_REV16\KSH_DLGBASE_GL\RELEASE\KSHTEXTURE.OBJ
F:\FINAL_DSP_PGM\KSH_DLGBASE_GL_VER_1_01_20150828_HAPTICDEVICE_PROJECT_SCI_REV16\KSH_DLGBASE_GL\RELEASE\KSHVECTOR.OBJ
F:\FINAL_DSP_PGM\KSH_DLGBASE_GL_VER_1_01_20150828_HAPTICDEVICE_PROJECT_SCI_REV16\KSH_DLGBASE_GL\RELEASE\SERIALPORT.OBJ
F:\FINAL_DSP_PGM\KSH_DLGBASE_GL_VER_1_01_20150828_HAPTICDEVICE_PROJECT_SCI_REV16\KSH_DLGBASE_GL\RELEASE\STDAFX.OBJ
F:\FINAL_DSP_PGM\KSH_DLGBASE_GL_VER_1_01_20150828_HAPTICDEVICE_PROJECT_SCI_REV16\KSH_DLGBASE_GL\RELEASE\VC100.PDB
F:\FINAL_DSP_PGM\KSH_DLGBASE_GL_VER_1_01_20150828_HAPTICDEVICE_PROJECT_SCI_REV16\KSH_DLGBASE_GL\RELEASE\WINMAIN.OBJ
F:\FINAL_DSP_PGM\KSH_DLGBASE_GL_VER_1_01_20150828_HAPTICDEVICE_PROJECT_SCI_REV16\RELEASE\KSH_HAPTICMASTER_PROJ.EXE
F:\FINAL_DSP_PGM\KSH_DLGBASE_GL_VER_1_01_20150828_HAPTICDEVICE_PROJECT_SCI_REV16\RELEASE\KSH_HAPTICMASTER_PROJ.PDB
