C:\DATA\PROGRAMMING_WORK\VS2010\KSH_DLGBASE_GL\KSH_DLGBASE_GL\RELEASE\GRAPHICS.OBJ
C:\DATA\PROGRAMMING_WORK\VS2010\KSH_DLGBASE_GL\KSH_DLGBASE_GL\RELEASE\HTHREAD.OBJ
C:\DATA\PROGRAMMING_WORK\VS2010\KSH_DLGBASE_GL\KSH_DLGBASE_GL\RELEASE\KSH_DLGBASE_GL.EXE.INTERMEDIATE.MANIFEST
C:\DATA\PROGRAMMING_WORK\VS2010\KSH_DLGBASE_GL\KSH_DLGBASE_GL\RELEASE\KSH_DLGBASE_GL.RES
C:\DATA\PROGRAMMING_WORK\VS2010\KSH_DLGBASE_GL\KSH_DLGBASE_GL\RELEASE\KSH_FUNC.OBJ
C:\DATA\PROGRAMMING_WORK\VS2010\KSH_DLGBASE_GL\KSH_DLGBASE_GL\RELEASE\KSHFONTGL.OBJ
C:\DATA\PROGRAMMING_WORK\VS2010\KSH_DLGBASE_GL\KSH_DLGBASE_GL\RELEASE\KSHFPS.OBJ
C:\DATA\PROGRAMMING_WORK\VS2010\KSH_DLGBASE_GL\KSH_DLGBASE_GL\RELEASE\KSHIMAGE.OBJ
C:\DATA\PROGRAMMING_WORK\VS2010\KSH_DLGBASE_GL\KSH_DLGBASE_GL\RELEASE\KSHMENUGL.OBJ
C:\DATA\PROGRAMMING_WORK\VS2010\KSH_DLGBASE_GL\KSH_DLGBASE_GL\RELEASE\KSHOPENGL.OBJ
C:\DATA\PROGRAMMING_WORK\VS2010\KSH_DLGBASE_GL\KSH_DLGBASE_GL\RELEASE\KSHTEXTURE.OBJ
C:\DATA\PROGRAMMING_WORK\VS2010\KSH_DLGBASE_GL\KSH_DLGBASE_GL\RELEASE\KSHVECTOR.OBJ
C:\DATA\PROGRAMMING_WORK\VS2010\KSH_DLGBASE_GL\KSH_DLGBASE_GL\RELEASE\VC100.PDB
C:\DATA\PROGRAMMING_WORK\VS2010\KSH_DLGBASE_GL\KSH_DLGBASE_GL\RELEASE\WINMAIN.OBJ
C:\DATA\PROGRAMMING_WORK\VS2010\KSH_DLGBASE_GL\RELEASE\KSH_DLGBASE_GL.EXE
C:\DATA\PROGRAMMING_WORK\VS2010\KSH_DLGBASE_GL\RELEASE\KSH_DLGBASE_GL.PDB
C:\DATA\Programming_Work\VS2010\Testbed_2DOF\20150106_2DOF_PBIC_SF_PI\ksh_DlgBase_GL\Release\cl.command.1.tlog
C:\DATA\Programming_Work\VS2010\Testbed_2DOF\20150106_2DOF_PBIC_SF_PI\ksh_DlgBase_GL\Release\CL.read.1.tlog
C:\DATA\Programming_Work\VS2010\Testbed_2DOF\20150106_2DOF_PBIC_SF_PI\ksh_DlgBase_GL\Release\CL.write.1.tlog
C:\DATA\Programming_Work\VS2010\Testbed_2DOF\20150106_2DOF_PBIC_SF_PI\ksh_DlgBase_GL\Release\Graphics.obj
C:\DATA\Programming_Work\VS2010\Testbed_2DOF\20150106_2DOF_PBIC_SF_PI\ksh_DlgBase_GL\Release\hthread.obj
C:\DATA\Programming_Work\VS2010\Testbed_2DOF\20150106_2DOF_PBIC_SF_PI\ksh_DlgBase_GL\Release\ksh_DlgBase_GL.exe.intermediate.manifest
C:\DATA\Programming_Work\VS2010\Testbed_2DOF\20150106_2DOF_PBIC_SF_PI\ksh_DlgBase_GL\Release\ksh_DlgBase_GL.res
C:\DATA\Programming_Work\VS2010\Testbed_2DOF\20150106_2DOF_PBIC_SF_PI\ksh_DlgBase_GL\Release\ksh_DlgBase_GL.vcxprojResolveAssemblyReference.cache
C:\DATA\Programming_Work\VS2010\Testbed_2DOF\20150106_2DOF_PBIC_SF_PI\ksh_DlgBase_GL\Release\ksh_DlgBase_GL.write.1.tlog
C:\DATA\Programming_Work\VS2010\Testbed_2DOF\20150106_2DOF_PBIC_SF_PI\ksh_DlgBase_GL\Release\ksh_Func.obj
C:\DATA\Programming_Work\VS2010\Testbed_2DOF\20150106_2DOF_PBIC_SF_PI\ksh_DlgBase_GL\Release\kshFontGL.obj
C:\DATA\Programming_Work\VS2010\Testbed_2DOF\20150106_2DOF_PBIC_SF_PI\ksh_DlgBase_GL\Release\kshFPS.obj
C:\DATA\Programming_Work\VS2010\Testbed_2DOF\20150106_2DOF_PBIC_SF_PI\ksh_DlgBase_GL\Release\kshImage.obj
C:\DATA\Programming_Work\VS2010\Testbed_2DOF\20150106_2DOF_PBIC_SF_PI\ksh_DlgBase_GL\Release\kshMenuGL.obj
C:\DATA\Programming_Work\VS2010\Testbed_2DOF\20150106_2DOF_PBIC_SF_PI\ksh_DlgBase_GL\Release\kshOpenGL.obj
C:\DATA\Programming_Work\VS2010\Testbed_2DOF\20150106_2DOF_PBIC_SF_PI\ksh_DlgBase_GL\Release\kshTexture.obj
C:\DATA\Programming_Work\VS2010\Testbed_2DOF\20150106_2DOF_PBIC_SF_PI\ksh_DlgBase_GL\Release\kshVector.obj
C:\DATA\Programming_Work\VS2010\Testbed_2DOF\20150106_2DOF_PBIC_SF_PI\ksh_DlgBase_GL\Release\link.command.1.tlog
C:\DATA\Programming_Work\VS2010\Testbed_2DOF\20150106_2DOF_PBIC_SF_PI\ksh_DlgBase_GL\Release\link.read.1.tlog
C:\DATA\Programming_Work\VS2010\Testbed_2DOF\20150106_2DOF_PBIC_SF_PI\ksh_DlgBase_GL\Release\link.write.1.tlog
C:\DATA\Programming_Work\VS2010\Testbed_2DOF\20150106_2DOF_PBIC_SF_PI\ksh_DlgBase_GL\Release\link-cvtres.read.1.tlog
C:\DATA\Programming_Work\VS2010\Testbed_2DOF\20150106_2DOF_PBIC_SF_PI\ksh_DlgBase_GL\Release\link-cvtres.write.1.tlog
C:\DATA\Programming_Work\VS2010\Testbed_2DOF\20150106_2DOF_PBIC_SF_PI\ksh_DlgBase_GL\Release\mt.command.1.tlog
C:\DATA\Programming_Work\VS2010\Testbed_2DOF\20150106_2DOF_PBIC_SF_PI\ksh_DlgBase_GL\Release\mt.read.1.tlog
C:\DATA\Programming_Work\VS2010\Testbed_2DOF\20150106_2DOF_PBIC_SF_PI\ksh_DlgBase_GL\Release\mt.write.1.tlog
C:\DATA\Programming_Work\VS2010\Testbed_2DOF\20150106_2DOF_PBIC_SF_PI\ksh_DlgBase_GL\Release\rc.command.1.tlog
C:\DATA\Programming_Work\VS2010\Testbed_2DOF\20150106_2DOF_PBIC_SF_PI\ksh_DlgBase_GL\Release\rc.read.1.tlog
C:\DATA\Programming_Work\VS2010\Testbed_2DOF\20150106_2DOF_PBIC_SF_PI\ksh_DlgBase_GL\Release\rc.write.1.tlog
C:\DATA\Programming_Work\VS2010\Testbed_2DOF\20150106_2DOF_PBIC_SF_PI\ksh_DlgBase_GL\Release\vc100.pdb
C:\DATA\Programming_Work\VS2010\Testbed_2DOF\20150106_2DOF_PBIC_SF_PI\ksh_DlgBase_GL\Release\WinMain.obj
C:\DATA\Programming_Work\VS2010\Testbed_2DOF\20150106_2DOF_PBIC_SF_PI\Release\ksh_DlgBase_GL.exe
C:\DATA\Programming_Work\VS2010\Testbed_2DOF\20150106_2DOF_PBIC_SF_PI\Release\ksh_DlgBase_GL.pdb
