c:\users\abdullah\desktop\medicalproject\medicalproject\x64\debug\vc140.pdb
c:\users\abdullah\desktop\medicalproject\medicalproject\x64\debug\serialcommunication.obj
c:\users\abdullah\desktop\medicalproject\medicalproject\x64\debug\mainwindow.obj
c:\users\abdullah\desktop\medicalproject\medicalproject\x64\debug\main.obj
c:\users\abdullah\desktop\medicalproject\medicalproject\x64\debug\imageprocessing.obj
c:\users\abdullah\desktop\medicalproject\medicalproject\x64\debug\globalvariables.obj
c:\users\abdullah\desktop\medicalproject\medicalproject\x64\debug\moc_serialcommunication.obj
c:\users\abdullah\desktop\medicalproject\medicalproject\x64\debug\moc_mainwindow.obj
c:\users\abdullah\desktop\medicalproject\medicalproject\x64\debug\moc_imageprocessing.obj
c:\users\abdullah\desktop\medicalproject\medicalproject\x64\debug\moc_globalvariables.obj
c:\users\abdullah\desktop\medicalproject\medicalproject\x64\debug\moc_childwindow.obj
c:\users\abdullah\desktop\medicalproject\medicalproject\x64\debug\childwindow.obj
c:\users\abdullah\desktop\medicalproject\medicalproject\x64\debug\frangi.obj
c:\users\abdullah\desktop\medicalproject\medicalproject\x64\debug\qrc_mainwindow.obj
c:\users\abdullah\desktop\medicalproject\medicalproject\generatedfiles\debug\moc_mainwindow.cpp
c:\users\abdullah\desktop\medicalproject\medicalproject\generatedfiles\ui_mainwindow.h
c:\users\abdullah\desktop\medicalproject\medicalproject\generatedfiles\debug\moc_imageprocessing.cpp
c:\users\abdullah\desktop\medicalproject\medicalproject\generatedfiles\debug\moc_childwindow.cpp
c:\users\abdullah\desktop\medicalproject\medicalproject\generatedfiles\debug\moc_serialcommunication.cpp
c:\users\abdullah\desktop\medicalproject\medicalproject\generatedfiles\debug\moc_globalvariables.cpp
c:\users\abdullah\desktop\medicalproject\medicalproject\generatedfiles\qrc_mainwindow.cpp
c:\users\abdullah\desktop\medicalproject\medicalproject\generatedfiles\ui_childwindow.h
c:\users\abdullah\desktop\medicalproject\x64\debug\medicalproject.ilk
c:\users\abdullah\desktop\medicalproject\x64\debug\medicalproject.exe
c:\users\abdullah\desktop\medicalproject\x64\debug\medicalproject.pdb
c:\users\abdullah\desktop\medicalproject\medicalproject\x64\debug\medicalproject.tlog\cl.command.1.tlog
c:\users\abdullah\desktop\medicalproject\medicalproject\x64\debug\medicalproject.tlog\cl.read.1.tlog
c:\users\abdullah\desktop\medicalproject\medicalproject\x64\debug\medicalproject.tlog\cl.write.1.tlog
c:\users\abdullah\desktop\medicalproject\medicalproject\x64\debug\medicalproject.tlog\custombuild.command.1.tlog
c:\users\abdullah\desktop\medicalproject\medicalproject\x64\debug\medicalproject.tlog\custombuild.read.1.tlog
c:\users\abdullah\desktop\medicalproject\medicalproject\x64\debug\medicalproject.tlog\custombuild.write.1.tlog
c:\users\abdullah\desktop\medicalproject\medicalproject\x64\debug\medicalproject.tlog\link.command.1.tlog
c:\users\abdullah\desktop\medicalproject\medicalproject\x64\debug\medicalproject.tlog\link.read.1.tlog
c:\users\abdullah\desktop\medicalproject\medicalproject\x64\debug\medicalproject.tlog\link.write.1.tlog
