  Moc'ing mainwindow.h...
  Uic'ing mainwindow.ui...
  Moc'ing imageprocessing.h...
  Moc'ing childwindow.h...
  Moc'ing serialcommunication.h...
  Moc'ing globalvariables.h...
  Rcc'ing mainwindow.qrc...
RCC : warning : No resources in 'C:\Users\Abdullah\Desktop\MedicalProject\MedicalProject\mainwindow.qrc'.
  
  Uic'ing childwindow.ui...
  frangi.cpp
  childwindow.cpp
  moc_childwindow.cpp
  moc_globalvariables.cpp
  moc_imageprocessing.cpp
  moc_mainwindow.cpp
  moc_serialcommunication.cpp
  globalvariables.cpp
  imageprocessing.cpp
  main.cpp
  mainwindow.cpp
  serialcommunication.cpp
  Generating Code...
  qrc_mainwindow.cpp
  MedicalProject.vcxproj -> C:\Users\Abdullah\Desktop\MedicalProject\x64\Debug\MedicalProject.exe
  MedicalProject.vcxproj -> C:\Users\Abdullah\Desktop\MedicalProject\x64\Debug\MedicalProject.pdb (Full PDB)
